<?xml version="1.0" encoding="utf-8"?>
<CoverageSession xmlns:xsd="http://www.w3.org/2001/XMLSchema" xmlns:xsi="http://www.w3.org/2001/XMLSchema-instance" Version="0.0.0.0">
  <Summary numSequencePoints="202" visitedSequencePoints="176" numBranchPoints="0" visitedBranchPoints="0" sequenceCoverage="87.13" branchCoverage="0.0" maxCyclomaticComplexity="0" minCyclomaticComplexity="0" maxCrapScore="0" minCrapScore="0" visitedClasses="8" numClasses="8" visitedMethods="39" numMethods="39" />
  <Modules>
    <Module>
      <Summary numSequencePoints="12" visitedSequencePoints="3" numBranchPoints="0" visitedBranchPoints="0" sequenceCoverage="25.00" branchCoverage="0.0" maxCyclomaticComplexity="0" minCyclomaticComplexity="0" maxCrapScore="0" minCrapScore="0" visitedClasses="1" numClasses="1" visitedMethods="1" numMethods="1" />
      <ModuleTime>0001-01-01T00:00:00</ModuleTime>
      <ModuleName>Assembly-CSharp-Editor</ModuleName>
      <Files>
        <File uid="9" fullPath="C:/Users/arman/Desktop/3D-Tanks-Game-Unity-master/Assets/Editor/MoveSceneViewCamera.cs" />
        <File uid="10" fullPath="C:/Users/arman/Desktop/3D-Tanks-Game-Unity-master/Assets/TutorialInfo/Scripts/Editor/ReadmeEditor.cs" />
      </Files>
      <Classes>
        <Class>
          <Summary numSequencePoints="12" visitedSequencePoints="3" numBranchPoints="0" visitedBranchPoints="0" sequenceCoverage="25.00" branchCoverage="0.0" maxCyclomaticComplexity="0" minCyclomaticComplexity="0" maxCrapScore="0" minCrapScore="0" visitedClasses="1" numClasses="1" visitedMethods="1" numMethods="1" />
          <FullName>ReadmeEditor</FullName>
          <Methods>
            <Method visited="true" cyclomaticComplexity="0" nPathComplexity="0" sequenceCoverage="25.00" branchCoverage="0" crapScore="0" isConstructor="false" isStatic="true" isGetter="false" isSetter="false">
              <Summary numSequencePoints="12" visitedSequencePoints="3" numBranchPoints="0" visitedBranchPoints="0" sequenceCoverage="25.00" branchCoverage="0" maxCyclomaticComplexity="0" minCyclomaticComplexity="0" maxCrapScore="0" minCrapScore="0" visitedClasses="0" numClasses="0" visitedMethods="1" numMethods="1" />
              <MetadataToken>100663300</MetadataToken>
              <Name>static System.Void ReadmeEditor::SelectReadmeAutomatically()</Name>
              <FileRef uid="10" />
              <SequencePoints>
                <SequencePoint vc="1" uspid="434" ordinal="0" offset="0" sl="23" sc="2" el="23" ec="2" bec="0" bev="0" fileid="10" />
                <SequencePoint vc="1" uspid="435" ordinal="0" offset="1" sl="24" sc="3" el="24" ec="3" bec="0" bev="0" fileid="10" />
                <SequencePoint vc="0" uspid="436" ordinal="0" offset="19" sl="25" sc="3" el="25" ec="3" bec="0" bev="0" fileid="10" />
                <SequencePoint vc="0" uspid="437" ordinal="0" offset="20" sl="26" sc="4" el="26" ec="4" bec="0" bev="0" fileid="10" />
                <SequencePoint vc="0" uspid="438" ordinal="0" offset="26" sl="27" sc="4" el="27" ec="4" bec="0" bev="0" fileid="10" />
                <SequencePoint vc="0" uspid="439" ordinal="0" offset="38" sl="29" sc="4" el="29" ec="4" bec="0" bev="0" fileid="10" />
                <SequencePoint vc="0" uspid="440" ordinal="0" offset="62" sl="30" sc="4" el="30" ec="4" bec="0" bev="0" fileid="10" />
                <SequencePoint vc="0" uspid="441" ordinal="0" offset="63" sl="31" sc="5" el="31" ec="5" bec="0" bev="0" fileid="10" />
                <SequencePoint vc="0" uspid="442" ordinal="0" offset="69" sl="32" sc="5" el="32" ec="5" bec="0" bev="0" fileid="10" />
                <SequencePoint vc="0" uspid="443" ordinal="0" offset="76" sl="33" sc="4" el="33" ec="4" bec="0" bev="0" fileid="10" />
                <SequencePoint vc="0" uspid="444" ordinal="0" offset="77" sl="34" sc="3" el="34" ec="3" bec="0" bev="0" fileid="10" />
                <SequencePoint vc="1" uspid="445" ordinal="0" offset="78" sl="35" sc="2" el="35" ec="2" bec="0" bev="0" fileid="10" />
              </SequencePoints>
              <BranchPoints />
            </Method>
          </Methods>
        </Class>
      </Classes>
    </Module>
    <Module>
      <Summary numSequencePoints="171" visitedSequencePoints="154" numBranchPoints="0" visitedBranchPoints="0" sequenceCoverage="90.06" branchCoverage="0.0" maxCyclomaticComplexity="0" minCyclomaticComplexity="0" maxCrapScore="0" minCrapScore="0" visitedClasses="5" numClasses="5" visitedMethods="35" numMethods="35" />
      <ModuleTime>0001-01-01T00:00:00</ModuleTime>
      <ModuleName>MyScriptAssembly</ModuleName>
      <Files>
        <File uid="11" fullPath="C:/Users/arman/Desktop/3D-Tanks-Game-Unity-master/Assets/Scripts/Camera/CameraControl.cs" />
        <File uid="12" fullPath="C:/Users/arman/Desktop/3D-Tanks-Game-Unity-master/Assets/Scripts/Managers/GameManager.cs" />
        <File uid="13" fullPath="C:/Users/arman/Desktop/3D-Tanks-Game-Unity-master/Assets/Scripts/Managers/TankManager.cs" />
        <File uid="14" fullPath="C:/Users/arman/Desktop/3D-Tanks-Game-Unity-master/Assets/Scripts/Shell/ShellExplosion.cs" />
        <File uid="15" fullPath="C:/Users/arman/Desktop/3D-Tanks-Game-Unity-master/Assets/Scripts/Tank/TankHealth.cs" />
        <File uid="16" fullPath="C:/Users/arman/Desktop/3D-Tanks-Game-Unity-master/Assets/Scripts/Tank/TankMovement.cs" />
        <File uid="17" fullPath="C:/Users/arman/Desktop/3D-Tanks-Game-Unity-master/Assets/Scripts/Tank/TankShooting.cs" />
        <File uid="18" fullPath="C:/Users/arman/Desktop/3D-Tanks-Game-Unity-master/Assets/Scripts/Tank/TankShootingOld.cs" />
        <File uid="19" fullPath="C:/Users/arman/Desktop/3D-Tanks-Game-Unity-master/Assets/Scripts/UI/UIDirectionControl.cs" />
      </Files>
      <Classes>
        <Class>
          <Summary numSequencePoints="7" visitedSequencePoints="7" numBranchPoints="0" visitedBranchPoints="0" sequenceCoverage="100.0" branchCoverage="0.0" maxCyclomaticComplexity="0" minCyclomaticComplexity="0" maxCrapScore="0" minCrapScore="0" visitedClasses="1" numClasses="1" visitedMethods="2" numMethods="2" />
          <FullName>ShellExplosion</FullName>
          <Methods>
            <Method visited="true" cyclomaticComplexity="0" nPathComplexity="0" sequenceCoverage="100.0" branchCoverage="0" crapScore="0" isConstructor="false" isStatic="false" isGetter="false" isSetter="false">
              <Summary numSequencePoints="3" visitedSequencePoints="3" numBranchPoints="0" visitedBranchPoints="0" sequenceCoverage="100.0" branchCoverage="0" maxCyclomaticComplexity="0" minCyclomaticComplexity="0" maxCrapScore="0" minCrapScore="0" visitedClasses="0" numClasses="0" visitedMethods="1" numMethods="1" />
              <MetadataToken>100663325</MetadataToken>
              <Name>System.Void ShellExplosion::Start()</Name>
              <FileRef uid="14" />
              <SequencePoints>
                <SequencePoint vc="1" uspid="733" ordinal="0" offset="0" sl="15" sc="5" el="15" ec="5" bec="0" bev="0" fileid="14" />
                <SequencePoint vc="1" uspid="734" ordinal="0" offset="1" sl="17" sc="9" el="17" ec="9" bec="0" bev="0" fileid="14" />
                <SequencePoint vc="1" uspid="735" ordinal="0" offset="19" sl="18" sc="5" el="18" ec="5" bec="0" bev="0" fileid="14" />
              </SequencePoints>
              <BranchPoints />
            </Method>
            <Method visited="true" cyclomaticComplexity="0" nPathComplexity="0" sequenceCoverage="100.0" branchCoverage="0" crapScore="0" isConstructor="true" isStatic="false" isGetter="false" isSetter="false">
              <Summary numSequencePoints="4" visitedSequencePoints="4" numBranchPoints="0" visitedBranchPoints="0" sequenceCoverage="100.0" branchCoverage="0" maxCyclomaticComplexity="0" minCyclomaticComplexity="0" maxCrapScore="0" minCrapScore="0" visitedClasses="0" numClasses="0" visitedMethods="1" numMethods="1" />
              <MetadataToken>100663328</MetadataToken>
              <Name>ShellExplosion::ShellExplosion()</Name>
              <FileRef uid="14" />
              <SequencePoints>
                <SequencePoint vc="1" uspid="766" ordinal="0" offset="0" sl="8" sc="5" el="8" ec="5" bec="0" bev="0" fileid="14" />
                <SequencePoint vc="1" uspid="767" ordinal="0" offset="11" sl="9" sc="5" el="9" ec="5" bec="0" bev="0" fileid="14" />
                <SequencePoint vc="1" uspid="768" ordinal="0" offset="22" sl="10" sc="5" el="10" ec="5" bec="0" bev="0" fileid="14" />
                <SequencePoint vc="1" uspid="769" ordinal="0" offset="33" sl="11" sc="5" el="11" ec="5" bec="0" bev="0" fileid="14" />
              </SequencePoints>
              <BranchPoints />
            </Method>
          </Methods>
        </Class>
        <Class>
          <Summary numSequencePoints="24" visitedSequencePoints="23" numBranchPoints="0" visitedBranchPoints="0" sequenceCoverage="95.83" branchCoverage="0.0" maxCyclomaticComplexity="0" minCyclomaticComplexity="0" maxCrapScore="0" minCrapScore="0" visitedClasses="1" numClasses="1" visitedMethods="7" numMethods="7" />
          <FullName>TankHealth</FullName>
          <Methods>
            <Method visited="true" cyclomaticComplexity="0" nPathComplexity="0" sequenceCoverage="100.0" branchCoverage="0" crapScore="0" isConstructor="false" isStatic="false" isGetter="true" isSetter="false">
              <Summary numSequencePoints="1" visitedSequencePoints="1" numBranchPoints="0" visitedBranchPoints="0" sequenceCoverage="100.0" branchCoverage="0" maxCyclomaticComplexity="0" minCyclomaticComplexity="0" maxCrapScore="0" minCrapScore="0" visitedClasses="0" numClasses="0" visitedMethods="1" numMethods="1" />
              <MetadataToken>100663329</MetadataToken>
              <Name>System.Single TankHealth::get_m_CurrentHealth()</Name>
              <FileRef uid="15" />
              <SequencePoints>
                <SequencePoint vc="2" uspid="770" ordinal="0" offset="0" sl="12" sc="36" el="12" ec="36" bec="0" bev="0" fileid="15" />
              </SequencePoints>
              <BranchPoints />
            </Method>
            <Method visited="true" cyclomaticComplexity="0" nPathComplexity="0" sequenceCoverage="100.0" branchCoverage="0" crapScore="0" isConstructor="false" isStatic="false" isGetter="false" isSetter="true">
              <Summary numSequencePoints="1" visitedSequencePoints="1" numBranchPoints="0" visitedBranchPoints="0" sequenceCoverage="100.0" branchCoverage="0" maxCyclomaticComplexity="0" minCyclomaticComplexity="0" maxCrapScore="0" minCrapScore="0" visitedClasses="0" numClasses="0" visitedMethods="1" numMethods="1" />
              <MetadataToken>100663330</MetadataToken>
              <Name>System.Void TankHealth::set_m_CurrentHealth(System.Single)</Name>
              <FileRef uid="15" />
              <SequencePoints>
                <SequencePoint vc="1" uspid="771" ordinal="0" offset="0" sl="12" sc="41" el="12" ec="41" bec="0" bev="0" fileid="15" />
              </SequencePoints>
              <BranchPoints />
            </Method>
            <Method visited="true" cyclomaticComplexity="0" nPathComplexity="0" sequenceCoverage="100.0" branchCoverage="0" crapScore="0" isConstructor="false" isStatic="false" isGetter="false" isSetter="false">
              <Summary numSequencePoints="5" visitedSequencePoints="5" numBranchPoints="0" visitedBranchPoints="0" sequenceCoverage="100.0" branchCoverage="0" maxCyclomaticComplexity="0" minCyclomaticComplexity="0" maxCrapScore="0" minCrapScore="0" visitedClasses="0" numClasses="0" visitedMethods="1" numMethods="1" />
              <MetadataToken>100663331</MetadataToken>
              <Name>System.Void TankHealth::Awake()</Name>
              <FileRef uid="15" />
              <SequencePoints>
                <SequencePoint vc="1" uspid="772" ordinal="0" offset="0" sl="20" sc="5" el="20" ec="5" bec="0" bev="0" fileid="15" />
                <SequencePoint vc="1" uspid="773" ordinal="0" offset="1" sl="21" sc="9" el="21" ec="9" bec="0" bev="0" fileid="15" />
                <SequencePoint vc="1" uspid="774" ordinal="0" offset="23" sl="22" sc="9" el="22" ec="9" bec="0" bev="0" fileid="15" />
                <SequencePoint vc="1" uspid="775" ordinal="0" offset="40" sl="24" sc="9" el="24" ec="9" bec="0" bev="0" fileid="15" />
                <SequencePoint vc="1" uspid="776" ordinal="0" offset="58" sl="25" sc="5" el="25" ec="5" bec="0" bev="0" fileid="15" />
              </SequencePoints>
              <BranchPoints />
            </Method>
            <Method visited="true" cyclomaticComplexity="0" nPathComplexity="0" sequenceCoverage="100.0" branchCoverage="0" crapScore="0" isConstructor="false" isStatic="false" isGetter="false" isSetter="false">
              <Summary numSequencePoints="4" visitedSequencePoints="4" numBranchPoints="0" visitedBranchPoints="0" sequenceCoverage="100.0" branchCoverage="0" maxCyclomaticComplexity="0" minCyclomaticComplexity="0" maxCrapScore="0" minCrapScore="0" visitedClasses="0" numClasses="0" visitedMethods="1" numMethods="1" />
              <MetadataToken>100663332</MetadataToken>
              <Name>System.Void TankHealth::ResetTank()</Name>
              <FileRef uid="15" />
              <SequencePoints>
                <SequencePoint vc="1" uspid="777" ordinal="0" offset="0" sl="28" sc="5" el="28" ec="5" bec="0" bev="0" fileid="15" />
                <SequencePoint vc="1" uspid="778" ordinal="0" offset="1" sl="29" sc="9" el="29" ec="9" bec="0" bev="0" fileid="15" />
                <SequencePoint vc="1" uspid="779" ordinal="0" offset="14" sl="30" sc="9" el="30" ec="9" bec="0" bev="0" fileid="15" />
                <SequencePoint vc="1" uspid="780" ordinal="0" offset="21" sl="31" sc="5" el="31" ec="5" bec="0" bev="0" fileid="15" />
              </SequencePoints>
              <BranchPoints />
            </Method>
            <Method visited="true" cyclomaticComplexity="0" nPathComplexity="0" sequenceCoverage="100.0" branchCoverage="0" crapScore="0" isConstructor="false" isStatic="false" isGetter="false" isSetter="false">
              <Summary numSequencePoints="4" visitedSequencePoints="4" numBranchPoints="0" visitedBranchPoints="0" sequenceCoverage="100.0" branchCoverage="0" maxCyclomaticComplexity="0" minCyclomaticComplexity="0" maxCrapScore="0" minCrapScore="0" visitedClasses="0" numClasses="0" visitedMethods="1" numMethods="1" />
              <MetadataToken>100663333</MetadataToken>
              <Name>System.Void TankHealth::OnEnable()</Name>
              <FileRef uid="15" />
              <SequencePoints>
                <SequencePoint vc="1" uspid="781" ordinal="0" offset="0" sl="34" sc="5" el="34" ec="5" bec="0" bev="0" fileid="15" />
                <SequencePoint vc="1" uspid="782" ordinal="0" offset="1" sl="35" sc="9" el="35" ec="9" bec="0" bev="0" fileid="15" />
                <SequencePoint vc="1" uspid="783" ordinal="0" offset="8" sl="37" sc="9" el="37" ec="9" bec="0" bev="0" fileid="15" />
                <SequencePoint vc="1" uspid="784" ordinal="0" offset="15" sl="38" sc="5" el="38" ec="5" bec="0" bev="0" fileid="15" />
              </SequencePoints>
              <BranchPoints />
            </Method>
            <Method visited="true" cyclomaticComplexity="0" nPathComplexity="0" sequenceCoverage="83.33" branchCoverage="0" crapScore="0" isConstructor="false" isStatic="false" isGetter="false" isSetter="false">
              <Summary numSequencePoints="6" visitedSequencePoints="5" numBranchPoints="0" visitedBranchPoints="0" sequenceCoverage="83.33" branchCoverage="0" maxCyclomaticComplexity="0" minCyclomaticComplexity="0" maxCrapScore="0" minCrapScore="0" visitedClasses="0" numClasses="0" visitedMethods="1" numMethods="1" />
              <MetadataToken>100663335</MetadataToken>
              <Name>System.Void TankHealth::SetHealthUI()</Name>
              <FileRef uid="15" />
              <SequencePoints>
                <SequencePoint vc="1" uspid="793" ordinal="0" offset="0" sl="54" sc="5" el="54" ec="5" bec="0" bev="0" fileid="15" />
                <SequencePoint vc="1" uspid="794" ordinal="0" offset="1" sl="55" sc="9" el="55" ec="9" bec="0" bev="0" fileid="15" />
                <SequencePoint vc="0" uspid="795" ordinal="0" offset="17" sl="55" sc="31" el="55" ec="31" bec="0" bev="0" fileid="15" />
                <SequencePoint vc="1" uspid="796" ordinal="0" offset="19" sl="57" sc="9" el="57" ec="9" bec="0" bev="0" fileid="15" />
                <SequencePoint vc="1" uspid="797" ordinal="0" offset="37" sl="58" sc="9" el="58" ec="9" bec="0" bev="0" fileid="15" />
                <SequencePoint vc="1" uspid="798" ordinal="0" offset="79" sl="59" sc="5" el="59" ec="5" bec="0" bev="0" fileid="15" />
              </SequencePoints>
              <BranchPoints />
            </Method>
            <Method visited="true" cyclomaticComplexity="0" nPathComplexity="0" sequenceCoverage="100.0" branchCoverage="0" crapScore="0" isConstructor="true" isStatic="false" isGetter="false" isSetter="false">
              <Summary numSequencePoints="3" visitedSequencePoints="3" numBranchPoints="0" visitedBranchPoints="0" sequenceCoverage="100.0" branchCoverage="0" maxCyclomaticComplexity="0" minCyclomaticComplexity="0" maxCrapScore="0" minCrapScore="0" visitedClasses="0" numClasses="0" visitedMethods="1" numMethods="1" />
              <MetadataToken>100663337</MetadataToken>
              <Name>TankHealth::TankHealth()</Name>
              <FileRef uid="15" />
              <SequencePoints>
                <SequencePoint vc="2" uspid="809" ordinal="0" offset="0" sl="6" sc="5" el="6" ec="5" bec="0" bev="0" fileid="15" />
                <SequencePoint vc="2" uspid="810" ordinal="0" offset="11" sl="9" sc="5" el="9" ec="5" bec="0" bev="0" fileid="15" />
                <SequencePoint vc="2" uspid="811" ordinal="0" offset="22" sl="10" sc="5" el="10" ec="5" bec="0" bev="0" fileid="15" />
              </SequencePoints>
              <BranchPoints />
            </Method>
          </Methods>
        </Class>
        <Class>
          <Summary numSequencePoints="57" visitedSequencePoints="44" numBranchPoints="0" visitedBranchPoints="0" sequenceCoverage="77.19" branchCoverage="0.0" maxCyclomaticComplexity="0" minCyclomaticComplexity="0" maxCrapScore="0" minCrapScore="0" visitedClasses="1" numClasses="1" visitedMethods="10" numMethods="10" />
          <FullName>TankMovement</FullName>
          <Methods>
            <Method visited="true" cyclomaticComplexity="0" nPathComplexity="0" sequenceCoverage="100.0" branchCoverage="0" crapScore="0" isConstructor="false" isStatic="false" isGetter="false" isSetter="false">
              <Summary numSequencePoints="3" visitedSequencePoints="3" numBranchPoints="0" visitedBranchPoints="0" sequenceCoverage="100.0" branchCoverage="0" maxCyclomaticComplexity="0" minCyclomaticComplexity="0" maxCrapScore="0" minCrapScore="0" visitedClasses="0" numClasses="0" visitedMethods="1" numMethods="1" />
              <MetadataToken>100663338</MetadataToken>
              <Name>System.Void TankMovement::Awake()</Name>
              <FileRef uid="16" />
              <SequencePoints>
                <SequencePoint vc="1" uspid="812" ordinal="0" offset="0" sl="23" sc="5" el="23" ec="5" bec="0" bev="0" fileid="16" />
                <SequencePoint vc="1" uspid="813" ordinal="0" offset="1" sl="24" sc="9" el="24" ec="9" bec="0" bev="0" fileid="16" />
                <SequencePoint vc="1" uspid="814" ordinal="0" offset="13" sl="25" sc="5" el="25" ec="5" bec="0" bev="0" fileid="16" />
              </SequencePoints>
              <BranchPoints />
            </Method>
            <Method visited="true" cyclomaticComplexity="0" nPathComplexity="0" sequenceCoverage="100.0" branchCoverage="0" crapScore="0" isConstructor="false" isStatic="false" isGetter="false" isSetter="false">
              <Summary numSequencePoints="5" visitedSequencePoints="5" numBranchPoints="0" visitedBranchPoints="0" sequenceCoverage="100.0" branchCoverage="0" maxCyclomaticComplexity="0" minCyclomaticComplexity="0" maxCrapScore="0" minCrapScore="0" visitedClasses="0" numClasses="0" visitedMethods="1" numMethods="1" />
              <MetadataToken>100663339</MetadataToken>
              <Name>System.Void TankMovement::OnEnable()</Name>
              <FileRef uid="16" />
              <SequencePoints>
                <SequencePoint vc="1" uspid="815" ordinal="0" offset="0" sl="29" sc="5" el="29" ec="5" bec="0" bev="0" fileid="16" />
                <SequencePoint vc="1" uspid="816" ordinal="0" offset="1" sl="30" sc="9" el="30" ec="9" bec="0" bev="0" fileid="16" />
                <SequencePoint vc="1" uspid="817" ordinal="0" offset="14" sl="31" sc="9" el="31" ec="9" bec="0" bev="0" fileid="16" />
                <SequencePoint vc="1" uspid="818" ordinal="0" offset="25" sl="32" sc="9" el="32" ec="9" bec="0" bev="0" fileid="16" />
                <SequencePoint vc="1" uspid="819" ordinal="0" offset="36" sl="33" sc="5" el="33" ec="5" bec="0" bev="0" fileid="16" />
              </SequencePoints>
              <BranchPoints />
            </Method>
            <Method visited="true" cyclomaticComplexity="0" nPathComplexity="0" sequenceCoverage="100.0" branchCoverage="0" crapScore="0" isConstructor="false" isStatic="false" isGetter="false" isSetter="false">
              <Summary numSequencePoints="3" visitedSequencePoints="3" numBranchPoints="0" visitedBranchPoints="0" sequenceCoverage="100.0" branchCoverage="0" maxCyclomaticComplexity="0" minCyclomaticComplexity="0" maxCrapScore="0" minCrapScore="0" visitedClasses="0" numClasses="0" visitedMethods="1" numMethods="1" />
              <MetadataToken>100663340</MetadataToken>
              <Name>System.Void TankMovement::OnDisable()</Name>
              <FileRef uid="16" />
              <SequencePoints>
                <SequencePoint vc="1" uspid="820" ordinal="0" offset="0" sl="37" sc="5" el="37" ec="5" bec="0" bev="0" fileid="16" />
                <SequencePoint vc="1" uspid="821" ordinal="0" offset="1" sl="38" sc="9" el="38" ec="9" bec="0" bev="0" fileid="16" />
                <SequencePoint vc="1" uspid="822" ordinal="0" offset="14" sl="39" sc="5" el="39" ec="5" bec="0" bev="0" fileid="16" />
              </SequencePoints>
              <BranchPoints />
            </Method>
            <Method visited="true" cyclomaticComplexity="0" nPathComplexity="0" sequenceCoverage="100.0" branchCoverage="0" crapScore="0" isConstructor="false" isStatic="false" isGetter="false" isSetter="false">
              <Summary numSequencePoints="5" visitedSequencePoints="5" numBranchPoints="0" visitedBranchPoints="0" sequenceCoverage="100.0" branchCoverage="0" maxCyclomaticComplexity="0" minCyclomaticComplexity="0" maxCrapScore="0" minCrapScore="0" visitedClasses="0" numClasses="0" visitedMethods="1" numMethods="1" />
              <MetadataToken>100663341</MetadataToken>
              <Name>System.Void TankMovement::Start()</Name>
              <FileRef uid="16" />
              <SequencePoints>
                <SequencePoint vc="1" uspid="823" ordinal="0" offset="0" sl="43" sc="5" el="43" ec="5" bec="0" bev="0" fileid="16" />
                <SequencePoint vc="1" uspid="824" ordinal="0" offset="1" sl="44" sc="9" el="44" ec="9" bec="0" bev="0" fileid="16" />
                <SequencePoint vc="1" uspid="825" ordinal="0" offset="28" sl="45" sc="9" el="45" ec="9" bec="0" bev="0" fileid="16" />
                <SequencePoint vc="1" uspid="826" ordinal="0" offset="55" sl="47" sc="9" el="47" ec="9" bec="0" bev="0" fileid="16" />
                <SequencePoint vc="1" uspid="827" ordinal="0" offset="72" sl="48" sc="5" el="48" ec="5" bec="0" bev="0" fileid="16" />
              </SequencePoints>
              <BranchPoints />
            </Method>
            <Method visited="true" cyclomaticComplexity="0" nPathComplexity="0" sequenceCoverage="100.0" branchCoverage="0" crapScore="0" isConstructor="false" isStatic="false" isGetter="false" isSetter="false">
              <Summary numSequencePoints="5" visitedSequencePoints="5" numBranchPoints="0" visitedBranchPoints="0" sequenceCoverage="100.0" branchCoverage="0" maxCyclomaticComplexity="0" minCyclomaticComplexity="0" maxCrapScore="0" minCrapScore="0" visitedClasses="0" numClasses="0" visitedMethods="1" numMethods="1" />
              <MetadataToken>100663342</MetadataToken>
              <Name>System.Void TankMovement::Update()</Name>
              <FileRef uid="16" />
              <SequencePoints>
                <SequencePoint vc="913" uspid="828" ordinal="0" offset="0" sl="52" sc="5" el="52" ec="5" bec="0" bev="0" fileid="16" />
                <SequencePoint vc="913" uspid="829" ordinal="0" offset="1" sl="54" sc="9" el="54" ec="9" bec="0" bev="0" fileid="16" />
                <SequencePoint vc="913" uspid="830" ordinal="0" offset="18" sl="55" sc="9" el="55" ec="9" bec="0" bev="0" fileid="16" />
                <SequencePoint vc="913" uspid="831" ordinal="0" offset="35" sl="56" sc="4" el="56" ec="4" bec="0" bev="0" fileid="16" />
                <SequencePoint vc="913" uspid="832" ordinal="0" offset="42" sl="57" sc="5" el="57" ec="5" bec="0" bev="0" fileid="16" />
              </SequencePoints>
              <BranchPoints />
            </Method>
            <Method visited="true" cyclomaticComplexity="0" nPathComplexity="0" sequenceCoverage="31.58" branchCoverage="0" crapScore="0" isConstructor="false" isStatic="false" isGetter="false" isSetter="false">
              <Summary numSequencePoints="19" visitedSequencePoints="6" numBranchPoints="0" visitedBranchPoints="0" sequenceCoverage="31.58" branchCoverage="0" maxCyclomaticComplexity="0" minCyclomaticComplexity="0" maxCrapScore="0" minCrapScore="0" visitedClasses="0" numClasses="0" visitedMethods="1" numMethods="1" />
              <MetadataToken>100663343</MetadataToken>
              <Name>System.Void TankMovement::EngineAudio()</Name>
              <FileRef uid="16" />
              <SequencePoints>
                <SequencePoint vc="913" uspid="833" ordinal="0" offset="0" sl="61" sc="5" el="61" ec="5" bec="0" bev="0" fileid="16" />
                <SequencePoint vc="913" uspid="834" ordinal="0" offset="1" sl="63" sc="9" el="63" ec="9" bec="0" bev="0" fileid="16" />
                <SequencePoint vc="913" uspid="835" ordinal="0" offset="44" sl="64" sc="9" el="64" ec="9" bec="0" bev="0" fileid="16" />
                <SequencePoint vc="913" uspid="836" ordinal="0" offset="45" sl="66" sc="13" el="66" ec="13" bec="0" bev="0" fileid="16" />
                <SequencePoint vc="0" uspid="837" ordinal="0" offset="71" sl="67" sc="13" el="67" ec="13" bec="0" bev="0" fileid="16" />
                <SequencePoint vc="0" uspid="838" ordinal="0" offset="72" sl="69" sc="17" el="69" ec="17" bec="0" bev="0" fileid="16" />
                <SequencePoint vc="0" uspid="839" ordinal="0" offset="90" sl="70" sc="17" el="70" ec="17" bec="0" bev="0" fileid="16" />
                <SequencePoint vc="0" uspid="840" ordinal="0" offset="133" sl="71" sc="17" el="71" ec="17" bec="0" bev="0" fileid="16" />
                <SequencePoint vc="0" uspid="841" ordinal="0" offset="145" sl="72" sc="13" el="72" ec="13" bec="0" bev="0" fileid="16" />
                <SequencePoint vc="913" uspid="842" ordinal="0" offset="146" sl="73" sc="9" el="73" ec="9" bec="0" bev="0" fileid="16" />
                <SequencePoint vc="0" uspid="843" ordinal="0" offset="149" sl="75" sc="9" el="75" ec="9" bec="0" bev="0" fileid="16" />
                <SequencePoint vc="0" uspid="844" ordinal="0" offset="150" sl="77" sc="13" el="77" ec="13" bec="0" bev="0" fileid="16" />
                <SequencePoint vc="0" uspid="845" ordinal="0" offset="176" sl="78" sc="13" el="78" ec="13" bec="0" bev="0" fileid="16" />
                <SequencePoint vc="0" uspid="846" ordinal="0" offset="177" sl="80" sc="17" el="80" ec="17" bec="0" bev="0" fileid="16" />
                <SequencePoint vc="0" uspid="847" ordinal="0" offset="195" sl="81" sc="17" el="81" ec="17" bec="0" bev="0" fileid="16" />
                <SequencePoint vc="0" uspid="848" ordinal="0" offset="238" sl="82" sc="17" el="82" ec="17" bec="0" bev="0" fileid="16" />
                <SequencePoint vc="0" uspid="849" ordinal="0" offset="250" sl="83" sc="13" el="83" ec="13" bec="0" bev="0" fileid="16" />
                <SequencePoint vc="0" uspid="850" ordinal="0" offset="251" sl="84" sc="9" el="84" ec="9" bec="0" bev="0" fileid="16" />
                <SequencePoint vc="913" uspid="851" ordinal="0" offset="252" sl="85" sc="5" el="85" ec="5" bec="0" bev="0" fileid="16" />
              </SequencePoints>
              <BranchPoints />
            </Method>
            <Method visited="true" cyclomaticComplexity="0" nPathComplexity="0" sequenceCoverage="100.0" branchCoverage="0" crapScore="0" isConstructor="false" isStatic="false" isGetter="false" isSetter="false">
              <Summary numSequencePoints="4" visitedSequencePoints="4" numBranchPoints="0" visitedBranchPoints="0" sequenceCoverage="100.0" branchCoverage="0" maxCyclomaticComplexity="0" minCyclomaticComplexity="0" maxCrapScore="0" minCrapScore="0" visitedClasses="0" numClasses="0" visitedMethods="1" numMethods="1" />
              <MetadataToken>100663344</MetadataToken>
              <Name>System.Void TankMovement::FixedUpdate()</Name>
              <FileRef uid="16" />
              <SequencePoints>
                <SequencePoint vc="120" uspid="852" ordinal="0" offset="0" sl="89" sc="5" el="89" ec="5" bec="0" bev="0" fileid="16" />
                <SequencePoint vc="120" uspid="853" ordinal="0" offset="1" sl="91" sc="9" el="91" ec="9" bec="0" bev="0" fileid="16" />
                <SequencePoint vc="120" uspid="854" ordinal="0" offset="8" sl="92" sc="9" el="92" ec="9" bec="0" bev="0" fileid="16" />
                <SequencePoint vc="120" uspid="855" ordinal="0" offset="15" sl="93" sc="5" el="93" ec="5" bec="0" bev="0" fileid="16" />
              </SequencePoints>
              <BranchPoints />
            </Method>
            <Method visited="true" cyclomaticComplexity="0" nPathComplexity="0" sequenceCoverage="100.0" branchCoverage="0" crapScore="0" isConstructor="false" isStatic="false" isGetter="false" isSetter="false">
              <Summary numSequencePoints="4" visitedSequencePoints="4" numBranchPoints="0" visitedBranchPoints="0" sequenceCoverage="100.0" branchCoverage="0" maxCyclomaticComplexity="0" minCyclomaticComplexity="0" maxCrapScore="0" minCrapScore="0" visitedClasses="0" numClasses="0" visitedMethods="1" numMethods="1" />
              <MetadataToken>100663345</MetadataToken>
              <Name>System.Void TankMovement::Move()</Name>
              <FileRef uid="16" />
              <SequencePoints>
                <SequencePoint vc="120" uspid="856" ordinal="0" offset="0" sl="97" sc="5" el="97" ec="5" bec="0" bev="0" fileid="16" />
                <SequencePoint vc="120" uspid="857" ordinal="0" offset="1" sl="101" sc="9" el="101" ec="9" bec="0" bev="0" fileid="16" />
                <SequencePoint vc="120" uspid="858" ordinal="0" offset="45" sl="104" sc="9" el="104" ec="9" bec="0" bev="0" fileid="16" />
                <SequencePoint vc="120" uspid="859" ordinal="0" offset="74" sl="105" sc="5" el="105" ec="5" bec="0" bev="0" fileid="16" />
              </SequencePoints>
              <BranchPoints />
            </Method>
            <Method visited="true" cyclomaticComplexity="0" nPathComplexity="0" sequenceCoverage="100.0" branchCoverage="0" crapScore="0" isConstructor="false" isStatic="false" isGetter="false" isSetter="false">
              <Summary numSequencePoints="5" visitedSequencePoints="5" numBranchPoints="0" visitedBranchPoints="0" sequenceCoverage="100.0" branchCoverage="0" maxCyclomaticComplexity="0" minCyclomaticComplexity="0" maxCrapScore="0" minCrapScore="0" visitedClasses="0" numClasses="0" visitedMethods="1" numMethods="1" />
              <MetadataToken>100663346</MetadataToken>
              <Name>System.Void TankMovement::Turn()</Name>
              <FileRef uid="16" />
              <SequencePoints>
                <SequencePoint vc="120" uspid="860" ordinal="0" offset="0" sl="109" sc="5" el="109" ec="5" bec="0" bev="0" fileid="16" />
                <SequencePoint vc="120" uspid="861" ordinal="0" offset="1" sl="112" sc="9" el="112" ec="9" bec="0" bev="0" fileid="16" />
                <SequencePoint vc="120" uspid="862" ordinal="0" offset="21" sl="115" sc="9" el="115" ec="9" bec="0" bev="0" fileid="16" />
                <SequencePoint vc="120" uspid="863" ordinal="0" offset="38" sl="118" sc="9" el="118" ec="9" bec="0" bev="0" fileid="16" />
                <SequencePoint vc="120" uspid="864" ordinal="0" offset="67" sl="119" sc="5" el="119" ec="5" bec="0" bev="0" fileid="16" />
              </SequencePoints>
              <BranchPoints />
            </Method>
            <Method visited="true" cyclomaticComplexity="0" nPathComplexity="0" sequenceCoverage="100.0" branchCoverage="0" crapScore="0" isConstructor="true" isStatic="false" isGetter="false" isSetter="false">
              <Summary numSequencePoints="4" visitedSequencePoints="4" numBranchPoints="0" visitedBranchPoints="0" sequenceCoverage="100.0" branchCoverage="0" maxCyclomaticComplexity="0" minCyclomaticComplexity="0" maxCrapScore="0" minCrapScore="0" visitedClasses="0" numClasses="0" visitedMethods="1" numMethods="1" />
              <MetadataToken>100663347</MetadataToken>
              <Name>TankMovement::TankMovement()</Name>
              <FileRef uid="16" />
              <SequencePoints>
                <SequencePoint vc="2" uspid="865" ordinal="0" offset="0" sl="5" sc="5" el="5" ec="5" bec="0" bev="0" fileid="16" />
                <SequencePoint vc="2" uspid="866" ordinal="0" offset="7" sl="6" sc="5" el="6" ec="5" bec="0" bev="0" fileid="16" />
                <SequencePoint vc="2" uspid="867" ordinal="0" offset="18" sl="7" sc="5" el="7" ec="5" bec="0" bev="0" fileid="16" />
                <SequencePoint vc="2" uspid="868" ordinal="0" offset="29" sl="11" sc="5" el="11" ec="5" bec="0" bev="0" fileid="16" />
              </SequencePoints>
              <BranchPoints />
            </Method>
          </Methods>
        </Class>
        <Class>
          <Summary numSequencePoints="75" visitedSequencePoints="72" numBranchPoints="0" visitedBranchPoints="0" sequenceCoverage="96.00" branchCoverage="0.0" maxCyclomaticComplexity="0" minCyclomaticComplexity="0" maxCrapScore="0" minCrapScore="0" visitedClasses="1" numClasses="1" visitedMethods="13" numMethods="13" />
          <FullName>TankShooting</FullName>
          <Methods>
            <Method visited="true" cyclomaticComplexity="0" nPathComplexity="0" sequenceCoverage="100.0" branchCoverage="0" crapScore="0" isConstructor="false" isStatic="false" isGetter="true" isSetter="false">
              <Summary numSequencePoints="3" visitedSequencePoints="3" numBranchPoints="0" visitedBranchPoints="0" sequenceCoverage="100.0" branchCoverage="0" maxCyclomaticComplexity="0" minCyclomaticComplexity="0" maxCrapScore="0" minCrapScore="0" visitedClasses="0" numClasses="0" visitedMethods="1" numMethods="1" />
              <MetadataToken>100663348</MetadataToken>
              <Name>System.Int32 TankShooting::get_firedShellsDuringSession()</Name>
              <FileRef uid="17" />
              <SequencePoints>
                <SequencePoint vc="3" uspid="869" ordinal="0" offset="0" sl="30" sc="13" el="30" ec="13" bec="0" bev="0" fileid="17" />
                <SequencePoint vc="3" uspid="870" ordinal="0" offset="1" sl="31" sc="13" el="31" ec="13" bec="0" bev="0" fileid="17" />
                <SequencePoint vc="3" uspid="871" ordinal="0" offset="10" sl="32" sc="9" el="32" ec="9" bec="0" bev="0" fileid="17" />
              </SequencePoints>
              <BranchPoints />
            </Method>
            <Method visited="true" cyclomaticComplexity="0" nPathComplexity="0" sequenceCoverage="100.0" branchCoverage="0" crapScore="0" isConstructor="false" isStatic="false" isGetter="true" isSetter="false">
              <Summary numSequencePoints="3" visitedSequencePoints="3" numBranchPoints="0" visitedBranchPoints="0" sequenceCoverage="100.0" branchCoverage="0" maxCyclomaticComplexity="0" minCyclomaticComplexity="0" maxCrapScore="0" minCrapScore="0" visitedClasses="0" numClasses="0" visitedMethods="1" numMethods="1" />
              <MetadataToken>100663349</MetadataToken>
              <Name>System.Boolean TankShooting::get_Fired()</Name>
              <FileRef uid="17" />
              <SequencePoints>
                <SequencePoint vc="279" uspid="872" ordinal="0" offset="0" sl="37" sc="13" el="37" ec="13" bec="0" bev="0" fileid="17" />
                <SequencePoint vc="279" uspid="873" ordinal="0" offset="1" sl="38" sc="13" el="38" ec="13" bec="0" bev="0" fileid="17" />
                <SequencePoint vc="279" uspid="874" ordinal="0" offset="10" sl="39" sc="9" el="39" ec="9" bec="0" bev="0" fileid="17" />
              </SequencePoints>
              <BranchPoints />
            </Method>
            <Method visited="true" cyclomaticComplexity="0" nPathComplexity="0" sequenceCoverage="100.0" branchCoverage="0" crapScore="0" isConstructor="false" isStatic="false" isGetter="true" isSetter="false">
              <Summary numSequencePoints="3" visitedSequencePoints="3" numBranchPoints="0" visitedBranchPoints="0" sequenceCoverage="100.0" branchCoverage="0" maxCyclomaticComplexity="0" minCyclomaticComplexity="0" maxCrapScore="0" minCrapScore="0" visitedClasses="0" numClasses="0" visitedMethods="1" numMethods="1" />
              <MetadataToken>100663350</MetadataToken>
              <Name>System.Single TankShooting::get_GetChargeSpeed()</Name>
              <FileRef uid="17" />
              <SequencePoints>
                <SequencePoint vc="1" uspid="875" ordinal="0" offset="0" sl="44" sc="13" el="44" ec="13" bec="0" bev="0" fileid="17" />
                <SequencePoint vc="1" uspid="876" ordinal="0" offset="1" sl="45" sc="13" el="45" ec="13" bec="0" bev="0" fileid="17" />
                <SequencePoint vc="1" uspid="877" ordinal="0" offset="24" sl="46" sc="9" el="46" ec="9" bec="0" bev="0" fileid="17" />
              </SequencePoints>
              <BranchPoints />
            </Method>
            <Method visited="true" cyclomaticComplexity="0" nPathComplexity="0" sequenceCoverage="100.0" branchCoverage="0" crapScore="0" isConstructor="false" isStatic="false" isGetter="true" isSetter="false">
              <Summary numSequencePoints="3" visitedSequencePoints="3" numBranchPoints="0" visitedBranchPoints="0" sequenceCoverage="100.0" branchCoverage="0" maxCyclomaticComplexity="0" minCyclomaticComplexity="0" maxCrapScore="0" minCrapScore="0" visitedClasses="0" numClasses="0" visitedMethods="1" numMethods="1" />
              <MetadataToken>100663351</MetadataToken>
              <Name>System.String TankShooting::get_GetFireButtonName()</Name>
              <FileRef uid="17" />
              <SequencePoints>
                <SequencePoint vc="1" uspid="878" ordinal="0" offset="0" sl="51" sc="13" el="51" ec="13" bec="0" bev="0" fileid="17" />
                <SequencePoint vc="1" uspid="879" ordinal="0" offset="1" sl="52" sc="13" el="52" ec="13" bec="0" bev="0" fileid="17" />
                <SequencePoint vc="1" uspid="880" ordinal="0" offset="25" sl="53" sc="9" el="53" ec="9" bec="0" bev="0" fileid="17" />
              </SequencePoints>
              <BranchPoints />
            </Method>
            <Method visited="true" cyclomaticComplexity="0" nPathComplexity="0" sequenceCoverage="100.0" branchCoverage="0" crapScore="0" isConstructor="false" isStatic="false" isGetter="false" isSetter="false">
              <Summary numSequencePoints="4" visitedSequencePoints="4" numBranchPoints="0" visitedBranchPoints="0" sequenceCoverage="100.0" branchCoverage="0" maxCyclomaticComplexity="0" minCyclomaticComplexity="0" maxCrapScore="0" minCrapScore="0" visitedClasses="0" numClasses="0" visitedMethods="1" numMethods="1" />
              <MetadataToken>100663356</MetadataToken>
              <Name>System.Void TankShooting::OnEnable()</Name>
              <FileRef uid="17" />
              <SequencePoints>
                <SequencePoint vc="1" uspid="893" ordinal="0" offset="0" sl="83" sc="5" el="83" ec="5" bec="0" bev="0" fileid="17" />
                <SequencePoint vc="1" uspid="894" ordinal="0" offset="1" sl="85" sc="9" el="85" ec="9" bec="0" bev="0" fileid="17" />
                <SequencePoint vc="1" uspid="895" ordinal="0" offset="13" sl="86" sc="9" el="86" ec="9" bec="0" bev="0" fileid="17" />
                <SequencePoint vc="1" uspid="896" ordinal="0" offset="31" sl="87" sc="5" el="87" ec="5" bec="0" bev="0" fileid="17" />
              </SequencePoints>
              <BranchPoints />
            </Method>
            <Method visited="true" cyclomaticComplexity="0" nPathComplexity="0" sequenceCoverage="100.0" branchCoverage="0" crapScore="0" isConstructor="false" isStatic="false" isGetter="false" isSetter="false">
              <Summary numSequencePoints="4" visitedSequencePoints="4" numBranchPoints="0" visitedBranchPoints="0" sequenceCoverage="100.0" branchCoverage="0" maxCyclomaticComplexity="0" minCyclomaticComplexity="0" maxCrapScore="0" minCrapScore="0" visitedClasses="0" numClasses="0" visitedMethods="1" numMethods="1" />
              <MetadataToken>100663357</MetadataToken>
              <Name>System.Void TankShooting::Start()</Name>
              <FileRef uid="17" />
              <SequencePoints>
                <SequencePoint vc="1" uspid="897" ordinal="0" offset="0" sl="91" sc="5" el="91" ec="5" bec="0" bev="0" fileid="17" />
                <SequencePoint vc="1" uspid="898" ordinal="0" offset="1" sl="93" sc="9" el="93" ec="9" bec="0" bev="0" fileid="17" />
                <SequencePoint vc="1" uspid="899" ordinal="0" offset="13" sl="96" sc="9" el="96" ec="9" bec="0" bev="0" fileid="17" />
                <SequencePoint vc="1" uspid="900" ordinal="0" offset="25" sl="97" sc="5" el="97" ec="5" bec="0" bev="0" fileid="17" />
              </SequencePoints>
              <BranchPoints />
            </Method>
            <Method visited="true" cyclomaticComplexity="0" nPathComplexity="0" sequenceCoverage="100.0" branchCoverage="0" crapScore="0" isConstructor="false" isStatic="false" isGetter="false" isSetter="false">
              <Summary numSequencePoints="3" visitedSequencePoints="3" numBranchPoints="0" visitedBranchPoints="0" sequenceCoverage="100.0" branchCoverage="0" maxCyclomaticComplexity="0" minCyclomaticComplexity="0" maxCrapScore="0" minCrapScore="0" visitedClasses="0" numClasses="0" visitedMethods="1" numMethods="1" />
              <MetadataToken>100663358</MetadataToken>
              <Name>System.Void TankShooting::Update()</Name>
              <FileRef uid="17" />
              <SequencePoints>
                <SequencePoint vc="913" uspid="901" ordinal="0" offset="0" sl="100" sc="5" el="100" ec="5" bec="0" bev="0" fileid="17" />
                <SequencePoint vc="913" uspid="902" ordinal="0" offset="1" sl="101" sc="9" el="101" ec="9" bec="0" bev="0" fileid="17" />
                <SequencePoint vc="913" uspid="903" ordinal="0" offset="8" sl="102" sc="5" el="102" ec="5" bec="0" bev="0" fileid="17" />
              </SequencePoints>
              <BranchPoints />
            </Method>
            <Method visited="true" cyclomaticComplexity="0" nPathComplexity="0" sequenceCoverage="87.50" branchCoverage="0" crapScore="0" isConstructor="false" isStatic="false" isGetter="false" isSetter="false">
              <Summary numSequencePoints="24" visitedSequencePoints="21" numBranchPoints="0" visitedBranchPoints="0" sequenceCoverage="87.50" branchCoverage="0" maxCyclomaticComplexity="0" minCyclomaticComplexity="0" maxCrapScore="0" minCrapScore="0" visitedClasses="0" numClasses="0" visitedMethods="1" numMethods="1" />
              <MetadataToken>100663359</MetadataToken>
              <Name>System.Void TankShooting::HandleFiring()</Name>
              <FileRef uid="17" />
              <SequencePoints>
                <SequencePoint vc="913" uspid="904" ordinal="0" offset="0" sl="105" sc="5" el="105" ec="5" bec="0" bev="0" fileid="17" />
                <SequencePoint vc="913" uspid="905" ordinal="0" offset="1" sl="107" sc="9" el="107" ec="9" bec="0" bev="0" fileid="17" />
                <SequencePoint vc="913" uspid="906" ordinal="0" offset="19" sl="110" sc="9" el="110" ec="9" bec="0" bev="0" fileid="17" />
                <SequencePoint vc="1" uspid="907" ordinal="0" offset="49" sl="111" sc="9" el="111" ec="9" bec="0" bev="0" fileid="17" />
                <SequencePoint vc="1" uspid="908" ordinal="0" offset="50" sl="113" sc="13" el="113" ec="13" bec="0" bev="0" fileid="17" />
                <SequencePoint vc="1" uspid="909" ordinal="0" offset="62" sl="114" sc="13" el="114" ec="13" bec="0" bev="0" fileid="17" />
                <SequencePoint vc="1" uspid="910" ordinal="0" offset="74" sl="115" sc="9" el="115" ec="9" bec="0" bev="0" fileid="17" />
                <SequencePoint vc="912" uspid="911" ordinal="0" offset="80" sl="117" sc="14" el="117" ec="14" bec="0" bev="0" fileid="17" />
                <SequencePoint vc="1" uspid="912" ordinal="0" offset="90" sl="118" sc="9" el="118" ec="9" bec="0" bev="0" fileid="17" />
                <SequencePoint vc="1" uspid="913" ordinal="0" offset="91" sl="120" sc="13" el="120" ec="13" bec="0" bev="0" fileid="17" />
                <SequencePoint vc="1" uspid="914" ordinal="0" offset="98" sl="121" sc="13" el="121" ec="13" bec="0" bev="0" fileid="17" />
                <SequencePoint vc="1" uspid="915" ordinal="0" offset="110" sl="124" sc="13" el="124" ec="13" bec="0" bev="0" fileid="17" />
                <SequencePoint vc="1" uspid="916" ordinal="0" offset="128" sl="125" sc="13" el="125" ec="13" bec="0" bev="0" fileid="17" />
                <SequencePoint vc="1" uspid="917" ordinal="0" offset="140" sl="126" sc="9" el="126" ec="9" bec="0" bev="0" fileid="17" />
                <SequencePoint vc="911" uspid="918" ordinal="0" offset="143" sl="128" sc="14" el="128" ec="14" bec="0" bev="0" fileid="17" />
                <SequencePoint vc="277" uspid="919" ordinal="0" offset="167" sl="129" sc="9" el="129" ec="9" bec="0" bev="0" fileid="17" />
                <SequencePoint vc="277" uspid="920" ordinal="0" offset="168" sl="131" sc="13" el="131" ec="13" bec="0" bev="0" fileid="17" />
                <SequencePoint vc="277" uspid="921" ordinal="0" offset="193" sl="132" sc="13" el="132" ec="13" bec="0" bev="0" fileid="17" />
                <SequencePoint vc="277" uspid="922" ordinal="0" offset="211" sl="133" sc="9" el="133" ec="9" bec="0" bev="0" fileid="17" />
                <SequencePoint vc="634" uspid="923" ordinal="0" offset="214" sl="135" sc="14" el="135" ec="14" bec="0" bev="0" fileid="17" />
                <SequencePoint vc="0" uspid="924" ordinal="0" offset="238" sl="136" sc="9" el="136" ec="9" bec="0" bev="0" fileid="17" />
                <SequencePoint vc="0" uspid="925" ordinal="0" offset="239" sl="138" sc="13" el="138" ec="13" bec="0" bev="0" fileid="17" />
                <SequencePoint vc="0" uspid="926" ordinal="0" offset="251" sl="139" sc="9" el="139" ec="9" bec="0" bev="0" fileid="17" />
                <SequencePoint vc="913" uspid="927" ordinal="0" offset="252" sl="140" sc="5" el="140" ec="5" bec="0" bev="0" fileid="17" />
              </SequencePoints>
              <BranchPoints />
            </Method>
            <Method visited="true" cyclomaticComplexity="0" nPathComplexity="0" sequenceCoverage="100.0" branchCoverage="0" crapScore="0" isConstructor="false" isStatic="false" isGetter="false" isSetter="false">
              <Summary numSequencePoints="3" visitedSequencePoints="3" numBranchPoints="0" visitedBranchPoints="0" sequenceCoverage="100.0" branchCoverage="0" maxCyclomaticComplexity="0" minCyclomaticComplexity="0" maxCrapScore="0" minCrapScore="0" visitedClasses="0" numClasses="0" visitedMethods="1" numMethods="1" />
              <MetadataToken>100663360</MetadataToken>
              <Name>System.Boolean TankShooting::GetFireButtonDown()</Name>
              <FileRef uid="17" />
              <SequencePoints>
                <SequencePoint vc="912" uspid="928" ordinal="0" offset="0" sl="143" sc="5" el="143" ec="5" bec="0" bev="0" fileid="17" />
                <SequencePoint vc="912" uspid="929" ordinal="0" offset="1" sl="144" sc="9" el="144" ec="9" bec="0" bev="0" fileid="17" />
                <SequencePoint vc="912" uspid="930" ordinal="0" offset="31" sl="147" sc="5" el="147" ec="5" bec="0" bev="0" fileid="17" />
              </SequencePoints>
              <BranchPoints />
            </Method>
            <Method visited="true" cyclomaticComplexity="0" nPathComplexity="0" sequenceCoverage="100.0" branchCoverage="0" crapScore="0" isConstructor="false" isStatic="false" isGetter="false" isSetter="false">
              <Summary numSequencePoints="3" visitedSequencePoints="3" numBranchPoints="0" visitedBranchPoints="0" sequenceCoverage="100.0" branchCoverage="0" maxCyclomaticComplexity="0" minCyclomaticComplexity="0" maxCrapScore="0" minCrapScore="0" visitedClasses="0" numClasses="0" visitedMethods="1" numMethods="1" />
              <MetadataToken>100663361</MetadataToken>
              <Name>System.Boolean TankShooting::GetFireButton()</Name>
              <FileRef uid="17" />
              <SequencePoints>
                <SequencePoint vc="911" uspid="931" ordinal="0" offset="0" sl="150" sc="5" el="150" ec="5" bec="0" bev="0" fileid="17" />
                <SequencePoint vc="911" uspid="932" ordinal="0" offset="1" sl="151" sc="9" el="151" ec="9" bec="0" bev="0" fileid="17" />
                <SequencePoint vc="911" uspid="933" ordinal="0" offset="31" sl="154" sc="5" el="154" ec="5" bec="0" bev="0" fileid="17" />
              </SequencePoints>
              <BranchPoints />
            </Method>
            <Method visited="true" cyclomaticComplexity="0" nPathComplexity="0" sequenceCoverage="100.0" branchCoverage="0" crapScore="0" isConstructor="false" isStatic="false" isGetter="false" isSetter="false">
              <Summary numSequencePoints="3" visitedSequencePoints="3" numBranchPoints="0" visitedBranchPoints="0" sequenceCoverage="100.0" branchCoverage="0" maxCyclomaticComplexity="0" minCyclomaticComplexity="0" maxCrapScore="0" minCrapScore="0" visitedClasses="0" numClasses="0" visitedMethods="1" numMethods="1" />
              <MetadataToken>100663362</MetadataToken>
              <Name>System.Boolean TankShooting::GetFireButtonUp()</Name>
              <FileRef uid="17" />
              <SequencePoints>
                <SequencePoint vc="634" uspid="934" ordinal="0" offset="0" sl="157" sc="5" el="157" ec="5" bec="0" bev="0" fileid="17" />
                <SequencePoint vc="634" uspid="935" ordinal="0" offset="1" sl="158" sc="9" el="158" ec="9" bec="0" bev="0" fileid="17" />
                <SequencePoint vc="634" uspid="936" ordinal="0" offset="31" sl="161" sc="5" el="161" ec="5" bec="0" bev="0" fileid="17" />
              </SequencePoints>
              <BranchPoints />
            </Method>
            <Method visited="true" cyclomaticComplexity="0" nPathComplexity="0" sequenceCoverage="100.0" branchCoverage="0" crapScore="0" isConstructor="false" isStatic="false" isGetter="false" isSetter="false">
              <Summary numSequencePoints="10" visitedSequencePoints="10" numBranchPoints="0" visitedBranchPoints="0" sequenceCoverage="100.0" branchCoverage="0" maxCyclomaticComplexity="0" minCyclomaticComplexity="0" maxCrapScore="0" minCrapScore="0" visitedClasses="0" numClasses="0" visitedMethods="1" numMethods="1" />
              <MetadataToken>100663363</MetadataToken>
              <Name>UnityEngine.Rigidbody TankShooting::Fire()</Name>
              <FileRef uid="17" />
              <SequencePoints>
                <SequencePoint vc="1" uspid="937" ordinal="0" offset="0" sl="164" sc="5" el="164" ec="5" bec="0" bev="0" fileid="17" />
                <SequencePoint vc="1" uspid="938" ordinal="0" offset="1" sl="166" sc="9" el="166" ec="9" bec="0" bev="0" fileid="17" />
                <SequencePoint vc="1" uspid="939" ordinal="0" offset="8" sl="167" sc="9" el="167" ec="9" bec="0" bev="0" fileid="17" />
                <SequencePoint vc="1" uspid="940" ordinal="0" offset="22" sl="170" sc="9" el="170" ec="9" bec="0" bev="0" fileid="17" />
                <SequencePoint vc="1" uspid="941" ordinal="0" offset="56" sl="174" sc="9" el="174" ec="9" bec="0" bev="0" fileid="17" />
                <SequencePoint vc="1" uspid="942" ordinal="0" offset="85" sl="177" sc="9" el="177" ec="9" bec="0" bev="0" fileid="17" />
                <SequencePoint vc="1" uspid="943" ordinal="0" offset="103" sl="178" sc="9" el="178" ec="9" bec="0" bev="0" fileid="17" />
                <SequencePoint vc="1" uspid="944" ordinal="0" offset="115" sl="181" sc="9" el="181" ec="9" bec="0" bev="0" fileid="17" />
                <SequencePoint vc="1" uspid="945" ordinal="0" offset="127" sl="182" sc="9" el="182" ec="9" bec="0" bev="0" fileid="17" />
                <SequencePoint vc="1" uspid="946" ordinal="0" offset="131" sl="183" sc="5" el="183" ec="5" bec="0" bev="0" fileid="17" />
              </SequencePoints>
              <BranchPoints />
            </Method>
            <Method visited="true" cyclomaticComplexity="0" nPathComplexity="0" sequenceCoverage="100.0" branchCoverage="0" crapScore="0" isConstructor="true" isStatic="false" isGetter="false" isSetter="false">
              <Summary numSequencePoints="9" visitedSequencePoints="9" numBranchPoints="0" visitedBranchPoints="0" sequenceCoverage="100.0" branchCoverage="0" maxCyclomaticComplexity="0" minCyclomaticComplexity="0" maxCrapScore="0" minCrapScore="0" visitedClasses="0" numClasses="0" visitedMethods="1" numMethods="1" />
              <MetadataToken>100663364</MetadataToken>
              <Name>TankShooting::TankShooting()</Name>
              <FileRef uid="17" />
              <SequencePoints>
                <SequencePoint vc="2" uspid="947" ordinal="0" offset="0" sl="6" sc="5" el="6" ec="5" bec="0" bev="0" fileid="17" />
                <SequencePoint vc="2" uspid="948" ordinal="0" offset="7" sl="13" sc="5" el="13" ec="5" bec="0" bev="0" fileid="17" />
                <SequencePoint vc="2" uspid="949" ordinal="0" offset="18" sl="14" sc="5" el="14" ec="5" bec="0" bev="0" fileid="17" />
                <SequencePoint vc="2" uspid="950" ordinal="0" offset="29" sl="15" sc="5" el="15" ec="5" bec="0" bev="0" fileid="17" />
                <SequencePoint vc="2" uspid="951" ordinal="0" offset="40" sl="16" sc="23" el="16" ec="23" bec="0" bev="0" fileid="17" />
                <SequencePoint vc="2" uspid="952" ordinal="0" offset="47" sl="17" sc="23" el="17" ec="23" bec="0" bev="0" fileid="17" />
                <SequencePoint vc="2" uspid="953" ordinal="0" offset="54" sl="18" sc="23" el="18" ec="23" bec="0" bev="0" fileid="17" />
                <SequencePoint vc="2" uspid="954" ordinal="0" offset="61" sl="19" sc="23" el="19" ec="23" bec="0" bev="0" fileid="17" />
                <SequencePoint vc="2" uspid="955" ordinal="0" offset="68" sl="27" sc="5" el="27" ec="5" bec="0" bev="0" fileid="17" />
              </SequencePoints>
              <BranchPoints />
            </Method>
          </Methods>
        </Class>
        <Class>
          <Summary numSequencePoints="8" visitedSequencePoints="8" numBranchPoints="0" visitedBranchPoints="0" sequenceCoverage="100.0" branchCoverage="0.0" maxCyclomaticComplexity="0" minCyclomaticComplexity="0" maxCrapScore="0" minCrapScore="0" visitedClasses="1" numClasses="1" visitedMethods="3" numMethods="3" />
          <FullName>UIDirectionControl</FullName>
          <Methods>
            <Method visited="true" cyclomaticComplexity="0" nPathComplexity="0" sequenceCoverage="100.0" branchCoverage="0" crapScore="0" isConstructor="false" isStatic="false" isGetter="false" isSetter="false">
              <Summary numSequencePoints="3" visitedSequencePoints="3" numBranchPoints="0" visitedBranchPoints="0" sequenceCoverage="100.0" branchCoverage="0" maxCyclomaticComplexity="0" minCyclomaticComplexity="0" maxCrapScore="0" minCrapScore="0" visitedClasses="0" numClasses="0" visitedMethods="1" numMethods="1" />
              <MetadataToken>100663370</MetadataToken>
              <Name>System.Void UIDirectionControl::Start()</Name>
              <FileRef uid="19" />
              <SequencePoints>
                <SequencePoint vc="1" uspid="1001" ordinal="0" offset="0" sl="12" sc="5" el="12" ec="5" bec="0" bev="0" fileid="19" />
                <SequencePoint vc="1" uspid="1002" ordinal="0" offset="1" sl="13" sc="9" el="13" ec="9" bec="0" bev="0" fileid="19" />
                <SequencePoint vc="1" uspid="1003" ordinal="0" offset="23" sl="14" sc="5" el="14" ec="5" bec="0" bev="0" fileid="19" />
              </SequencePoints>
              <BranchPoints />
            </Method>
            <Method visited="true" cyclomaticComplexity="0" nPathComplexity="0" sequenceCoverage="100.0" branchCoverage="0" crapScore="0" isConstructor="false" isStatic="false" isGetter="false" isSetter="false">
              <Summary numSequencePoints="4" visitedSequencePoints="4" numBranchPoints="0" visitedBranchPoints="0" sequenceCoverage="100.0" branchCoverage="0" maxCyclomaticComplexity="0" minCyclomaticComplexity="0" maxCrapScore="0" minCrapScore="0" visitedClasses="0" numClasses="0" visitedMethods="1" numMethods="1" />
              <MetadataToken>100663371</MetadataToken>
              <Name>System.Void UIDirectionControl::Update()</Name>
              <FileRef uid="19" />
              <SequencePoints>
                <SequencePoint vc="913" uspid="1004" ordinal="0" offset="0" sl="18" sc="5" el="18" ec="5" bec="0" bev="0" fileid="19" />
                <SequencePoint vc="913" uspid="1005" ordinal="0" offset="1" sl="19" sc="9" el="19" ec="9" bec="0" bev="0" fileid="19" />
                <SequencePoint vc="913" uspid="1006" ordinal="0" offset="11" sl="20" sc="13" el="20" ec="13" bec="0" bev="0" fileid="19" />
                <SequencePoint vc="913" uspid="1007" ordinal="0" offset="29" sl="21" sc="5" el="21" ec="5" bec="0" bev="0" fileid="19" />
              </SequencePoints>
              <BranchPoints />
            </Method>
            <Method visited="true" cyclomaticComplexity="0" nPathComplexity="0" sequenceCoverage="100.0" branchCoverage="0" crapScore="0" isConstructor="true" isStatic="false" isGetter="false" isSetter="false">
              <Summary numSequencePoints="1" visitedSequencePoints="1" numBranchPoints="0" visitedBranchPoints="0" sequenceCoverage="100.0" branchCoverage="0" maxCyclomaticComplexity="0" minCyclomaticComplexity="0" maxCrapScore="0" minCrapScore="0" visitedClasses="0" numClasses="0" visitedMethods="1" numMethods="1" />
              <MetadataToken>100663372</MetadataToken>
              <Name>UIDirectionControl::UIDirectionControl()</Name>
              <FileRef uid="19" />
              <SequencePoints>
                <SequencePoint vc="2" uspid="1008" ordinal="0" offset="0" sl="5" sc="5" el="5" ec="5" bec="0" bev="0" fileid="19" />
              </SequencePoints>
              <BranchPoints />
            </Method>
          </Methods>
        </Class>
      </Classes>
    </Module>
    <Module>
      <Summary numSequencePoints="19" visitedSequencePoints="19" numBranchPoints="0" visitedBranchPoints="0" sequenceCoverage="100.0" branchCoverage="0.0" maxCyclomaticComplexity="0" minCyclomaticComplexity="0" maxCrapScore="0" minCrapScore="0" visitedClasses="2" numClasses="2" visitedMethods="3" numMethods="3" />
      <ModuleTime>0001-01-01T00:00:00</ModuleTime>
      <ModuleName>PlayTests</ModuleName>
      <Files>
        <File uid="21" fullPath="C:/Users/arman/Desktop/3D-Tanks-Game-Unity-master/Assets/PlayTests/TankHealthTests.cs" />
        <File uid="22" fullPath="C:/Users/arman/Desktop/3D-Tanks-Game-Unity-master/Assets/PlayTests/TankShootingTests.cs" />
        <File uid="23" fullPath="C:/Users/arman/Desktop/3D-Tanks-Game-Unity-master/Assets/PlayTests/GameManagerTests.cs" />
        <File uid="24" fullPath="C:/Users/arman/Desktop/3D-Tanks-Game-Unity-master/Assets/PlayTests/TankMovement.cs" />
      </Files>
      <Classes>
        <Class>
          <Summary numSequencePoints="7" visitedSequencePoints="7" numBranchPoints="0" visitedBranchPoints="0" sequenceCoverage="100.0" branchCoverage="0.0" maxCyclomaticComplexity="0" minCyclomaticComplexity="0" maxCrapScore="0" minCrapScore="0" visitedClasses="1" numClasses="1" visitedMethods="2" numMethods="2" />
          <FullName>TankShootingTests</FullName>
          <Methods>
            <Method visited="true" cyclomaticComplexity="0" nPathComplexity="0" sequenceCoverage="100.0" branchCoverage="0" crapScore="0" isConstructor="false" isStatic="false" isGetter="false" isSetter="false">
              <Summary numSequencePoints="4" visitedSequencePoints="4" numBranchPoints="0" visitedBranchPoints="0" sequenceCoverage="100.0" branchCoverage="0" maxCyclomaticComplexity="0" minCyclomaticComplexity="0" maxCrapScore="0" minCrapScore="0" visitedClasses="0" numClasses="0" visitedMethods="1" numMethods="1" />
              <MetadataToken>100663316</MetadataToken>
              <Name>System.Void TankShootingTests::SetUpObjects()</Name>
              <FileRef uid="22" />
              <SequencePoints>
                <SequencePoint vc="1" uspid="1088" ordinal="0" offset="0" sl="14" sc="5" el="14" ec="5" bec="0" bev="0" fileid="22" />
                <SequencePoint vc="1" uspid="1089" ordinal="0" offset="1" sl="18" sc="9" el="18" ec="9" bec="0" bev="0" fileid="22" />
                <SequencePoint vc="1" uspid="1090" ordinal="0" offset="32" sl="21" sc="9" el="21" ec="9" bec="0" bev="0" fileid="22" />
                <SequencePoint vc="1" uspid="1091" ordinal="0" offset="44" sl="22" sc="5" el="22" ec="5" bec="0" bev="0" fileid="22" />
              </SequencePoints>
              <BranchPoints />
            </Method>
            <Method visited="true" cyclomaticComplexity="0" nPathComplexity="0" sequenceCoverage="100.0" branchCoverage="0" crapScore="0" isConstructor="false" isStatic="false" isGetter="false" isSetter="false">
              <Summary numSequencePoints="3" visitedSequencePoints="3" numBranchPoints="0" visitedBranchPoints="0" sequenceCoverage="100.0" branchCoverage="0" maxCyclomaticComplexity="0" minCyclomaticComplexity="0" maxCrapScore="0" minCrapScore="0" visitedClasses="0" numClasses="0" visitedMethods="1" numMethods="1" />
              <MetadataToken>100663317</MetadataToken>
              <Name>System.Void TankShootingTests::DestroyObjects()</Name>
              <FileRef uid="22" />
              <SequencePoints>
                <SequencePoint vc="1" uspid="1092" ordinal="0" offset="0" sl="25" sc="34" el="25" ec="34" bec="0" bev="0" fileid="22" />
                <SequencePoint vc="1" uspid="1093" ordinal="0" offset="1" sl="26" sc="9" el="26" ec="9" bec="0" bev="0" fileid="22" />
                <SequencePoint vc="1" uspid="1094" ordinal="0" offset="18" sl="28" sc="5" el="28" ec="5" bec="0" bev="0" fileid="22" />
              </SequencePoints>
              <BranchPoints />
            </Method>
          </Methods>
        </Class>
        <Class>
          <Summary numSequencePoints="12" visitedSequencePoints="12" numBranchPoints="0" visitedBranchPoints="0" sequenceCoverage="100.0" branchCoverage="0.0" maxCyclomaticComplexity="0" minCyclomaticComplexity="0" maxCrapScore="0" minCrapScore="0" visitedClasses="1" numClasses="1" visitedMethods="1" numMethods="1" />
          <FullName>TankShootingTests/&lt;HoldingFireDoesntCauseRepeatedShooting&gt;d__9</FullName>
          <Methods>
            <Method visited="true" cyclomaticComplexity="0" nPathComplexity="0" sequenceCoverage="100.0" branchCoverage="0" crapScore="0" isConstructor="false" isStatic="false" isGetter="false" isSetter="false">
              <Summary numSequencePoints="12" visitedSequencePoints="12" numBranchPoints="0" visitedBranchPoints="0" sequenceCoverage="100.0" branchCoverage="0" maxCyclomaticComplexity="0" minCyclomaticComplexity="0" maxCrapScore="0" minCrapScore="0" visitedClasses="0" numClasses="0" visitedMethods="1" numMethods="1" />
              <MetadataToken>100663420</MetadataToken>
              <Name>System.Boolean TankShootingTests/&lt;HoldingFireDoesntCauseRepeatedShooting&gt;d__9::MoveNext()</Name>
              <FileRef uid="22" />
              <SequencePoints>
                <SequencePoint vc="1" uspid="1293" ordinal="0" offset="54" sl="107" sc="5" el="107" ec="5" bec="0" bev="0" fileid="22" />
                <SequencePoint vc="1" uspid="1294" ordinal="0" offset="55" sl="108" sc="9" el="108" ec="9" bec="0" bev="0" fileid="22" />
                <SequencePoint vc="1" uspid="1295" ordinal="0" offset="87" sl="109" sc="9" el="109" ec="9" bec="0" bev="0" fileid="22" />
                <SequencePoint vc="1" uspid="1296" ordinal="0" offset="104" sl="110" sc="9" el="110" ec="9" bec="0" bev="0" fileid="22" />
                <SequencePoint vc="1" uspid="1297" ordinal="0" offset="127" sl="111" sc="9" el="111" ec="9" bec="0" bev="0" fileid="22" />
                <SequencePoint vc="1" uspid="1298" ordinal="0" offset="144" sl="112" sc="9" el="112" ec="9" bec="0" bev="0" fileid="22" />
                <SequencePoint vc="278" uspid="1299" ordinal="0" offset="163" sl="114" sc="13" el="114" ec="13" bec="0" bev="0" fileid="22" />
                <SequencePoint vc="279" uspid="1300" ordinal="0" offset="186" sl="113" sc="9" el="113" ec="9" bec="0" bev="0" fileid="22" />
                <SequencePoint vc="1" uspid="1301" ordinal="0" offset="209" sl="115" sc="9" el="115" ec="9" bec="0" bev="0" fileid="22" />
                <SequencePoint vc="1" uspid="1302" ordinal="0" offset="252" sl="119" sc="9" el="119" ec="9" bec="0" bev="0" fileid="22" />
                <SequencePoint vc="1" uspid="1303" ordinal="0" offset="301" sl="120" sc="9" el="120" ec="9" bec="0" bev="0" fileid="22" />
                <SequencePoint vc="1" uspid="1304" ordinal="0" offset="344" sl="121" sc="5" el="121" ec="5" bec="0" bev="0" fileid="22" />
              </SequencePoints>
              <BranchPoints />
            </Method>
          </Methods>
        </Class>
      </Classes>
    </Module>
  </Modules>
</CoverageSession>