<?xml version="1.0" encoding="utf-8"?>
<CoverageSession xmlns:xsd="http://www.w3.org/2001/XMLSchema" xmlns:xsi="http://www.w3.org/2001/XMLSchema-instance" Version="0.0.0.0">
  <Summary numSequencePoints="158" visitedSequencePoints="126" numBranchPoints="0" visitedBranchPoints="0" sequenceCoverage="79.75" branchCoverage="0.0" maxCyclomaticComplexity="0" minCyclomaticComplexity="0" maxCrapScore="0" minCrapScore="0" visitedClasses="5" numClasses="5" visitedMethods="30" numMethods="30" />
  <Modules>
    <Module>
      <Summary numSequencePoints="145" visitedSequencePoints="114" numBranchPoints="0" visitedBranchPoints="0" sequenceCoverage="78.62" branchCoverage="0.0" maxCyclomaticComplexity="0" minCyclomaticComplexity="0" maxCrapScore="0" minCrapScore="0" visitedClasses="4" numClasses="4" visitedMethods="29" numMethods="29" />
      <ModuleTime>0001-01-01T00:00:00</ModuleTime>
      <ModuleName>MyScriptAssembly</ModuleName>
      <Files>
        <File uid="11" fullPath="C:/Users/arman/Desktop/3D-Tanks-Game-Unity-master/Assets/Scripts/Camera/CameraControl.cs" />
        <File uid="12" fullPath="C:/Users/arman/Desktop/3D-Tanks-Game-Unity-master/Assets/Scripts/Managers/GameManager.cs" />
        <File uid="13" fullPath="C:/Users/arman/Desktop/3D-Tanks-Game-Unity-master/Assets/Scripts/Managers/TankManager.cs" />
        <File uid="14" fullPath="C:/Users/arman/Desktop/3D-Tanks-Game-Unity-master/Assets/Scripts/Shell/ShellExplosion.cs" />
        <File uid="15" fullPath="C:/Users/arman/Desktop/3D-Tanks-Game-Unity-master/Assets/Scripts/Tank/TankHealth.cs" />
        <File uid="16" fullPath="C:/Users/arman/Desktop/3D-Tanks-Game-Unity-master/Assets/Scripts/Tank/TankMovement.cs" />
        <File uid="17" fullPath="C:/Users/arman/Desktop/3D-Tanks-Game-Unity-master/Assets/Scripts/Tank/TankShooting.cs" />
        <File uid="18" fullPath="C:/Users/arman/Desktop/3D-Tanks-Game-Unity-master/Assets/Scripts/Tank/TankShootingOld.cs" />
        <File uid="19" fullPath="C:/Users/arman/Desktop/3D-Tanks-Game-Unity-master/Assets/Scripts/UI/UIDirectionControl.cs" />
      </Files>
      <Classes>
        <Class>
          <Summary numSequencePoints="24" visitedSequencePoints="23" numBranchPoints="0" visitedBranchPoints="0" sequenceCoverage="95.83" branchCoverage="0.0" maxCyclomaticComplexity="0" minCyclomaticComplexity="0" maxCrapScore="0" minCrapScore="0" visitedClasses="1" numClasses="1" visitedMethods="7" numMethods="7" />
          <FullName>TankHealth</FullName>
          <Methods>
            <Method visited="true" cyclomaticComplexity="0" nPathComplexity="0" sequenceCoverage="100.0" branchCoverage="0" crapScore="0" isConstructor="false" isStatic="false" isGetter="true" isSetter="false">
              <Summary numSequencePoints="1" visitedSequencePoints="1" numBranchPoints="0" visitedBranchPoints="0" sequenceCoverage="100.0" branchCoverage="0" maxCyclomaticComplexity="0" minCyclomaticComplexity="0" maxCrapScore="0" minCrapScore="0" visitedClasses="0" numClasses="0" visitedMethods="1" numMethods="1" />
              <MetadataToken>100663329</MetadataToken>
              <Name>System.Single TankHealth::get_m_CurrentHealth()</Name>
              <FileRef uid="15" />
              <SequencePoints>
                <SequencePoint vc="2" uspid="2102" ordinal="0" offset="0" sl="12" sc="36" el="12" ec="36" bec="0" bev="0" fileid="15" />
              </SequencePoints>
              <BranchPoints />
            </Method>
            <Method visited="true" cyclomaticComplexity="0" nPathComplexity="0" sequenceCoverage="100.0" branchCoverage="0" crapScore="0" isConstructor="false" isStatic="false" isGetter="false" isSetter="true">
              <Summary numSequencePoints="1" visitedSequencePoints="1" numBranchPoints="0" visitedBranchPoints="0" sequenceCoverage="100.0" branchCoverage="0" maxCyclomaticComplexity="0" minCyclomaticComplexity="0" maxCrapScore="0" minCrapScore="0" visitedClasses="0" numClasses="0" visitedMethods="1" numMethods="1" />
              <MetadataToken>100663330</MetadataToken>
              <Name>System.Void TankHealth::set_m_CurrentHealth(System.Single)</Name>
              <FileRef uid="15" />
              <SequencePoints>
                <SequencePoint vc="1" uspid="2103" ordinal="0" offset="0" sl="12" sc="41" el="12" ec="41" bec="0" bev="0" fileid="15" />
              </SequencePoints>
              <BranchPoints />
            </Method>
            <Method visited="true" cyclomaticComplexity="0" nPathComplexity="0" sequenceCoverage="100.0" branchCoverage="0" crapScore="0" isConstructor="false" isStatic="false" isGetter="false" isSetter="false">
              <Summary numSequencePoints="5" visitedSequencePoints="5" numBranchPoints="0" visitedBranchPoints="0" sequenceCoverage="100.0" branchCoverage="0" maxCyclomaticComplexity="0" minCyclomaticComplexity="0" maxCrapScore="0" minCrapScore="0" visitedClasses="0" numClasses="0" visitedMethods="1" numMethods="1" />
              <MetadataToken>100663331</MetadataToken>
              <Name>System.Void TankHealth::Awake()</Name>
              <FileRef uid="15" />
              <SequencePoints>
                <SequencePoint vc="1" uspid="2104" ordinal="0" offset="0" sl="20" sc="5" el="20" ec="5" bec="0" bev="0" fileid="15" />
                <SequencePoint vc="1" uspid="2105" ordinal="0" offset="1" sl="21" sc="9" el="21" ec="9" bec="0" bev="0" fileid="15" />
                <SequencePoint vc="1" uspid="2106" ordinal="0" offset="23" sl="22" sc="9" el="22" ec="9" bec="0" bev="0" fileid="15" />
                <SequencePoint vc="1" uspid="2107" ordinal="0" offset="40" sl="24" sc="9" el="24" ec="9" bec="0" bev="0" fileid="15" />
                <SequencePoint vc="1" uspid="2108" ordinal="0" offset="58" sl="25" sc="5" el="25" ec="5" bec="0" bev="0" fileid="15" />
              </SequencePoints>
              <BranchPoints />
            </Method>
            <Method visited="true" cyclomaticComplexity="0" nPathComplexity="0" sequenceCoverage="100.0" branchCoverage="0" crapScore="0" isConstructor="false" isStatic="false" isGetter="false" isSetter="false">
              <Summary numSequencePoints="4" visitedSequencePoints="4" numBranchPoints="0" visitedBranchPoints="0" sequenceCoverage="100.0" branchCoverage="0" maxCyclomaticComplexity="0" minCyclomaticComplexity="0" maxCrapScore="0" minCrapScore="0" visitedClasses="0" numClasses="0" visitedMethods="1" numMethods="1" />
              <MetadataToken>100663332</MetadataToken>
              <Name>System.Void TankHealth::ResetTank()</Name>
              <FileRef uid="15" />
              <SequencePoints>
                <SequencePoint vc="1" uspid="2109" ordinal="0" offset="0" sl="28" sc="5" el="28" ec="5" bec="0" bev="0" fileid="15" />
                <SequencePoint vc="1" uspid="2110" ordinal="0" offset="1" sl="29" sc="9" el="29" ec="9" bec="0" bev="0" fileid="15" />
                <SequencePoint vc="1" uspid="2111" ordinal="0" offset="14" sl="30" sc="9" el="30" ec="9" bec="0" bev="0" fileid="15" />
                <SequencePoint vc="1" uspid="2112" ordinal="0" offset="21" sl="31" sc="5" el="31" ec="5" bec="0" bev="0" fileid="15" />
              </SequencePoints>
              <BranchPoints />
            </Method>
            <Method visited="true" cyclomaticComplexity="0" nPathComplexity="0" sequenceCoverage="100.0" branchCoverage="0" crapScore="0" isConstructor="false" isStatic="false" isGetter="false" isSetter="false">
              <Summary numSequencePoints="4" visitedSequencePoints="4" numBranchPoints="0" visitedBranchPoints="0" sequenceCoverage="100.0" branchCoverage="0" maxCyclomaticComplexity="0" minCyclomaticComplexity="0" maxCrapScore="0" minCrapScore="0" visitedClasses="0" numClasses="0" visitedMethods="1" numMethods="1" />
              <MetadataToken>100663333</MetadataToken>
              <Name>System.Void TankHealth::OnEnable()</Name>
              <FileRef uid="15" />
              <SequencePoints>
                <SequencePoint vc="1" uspid="2113" ordinal="0" offset="0" sl="34" sc="5" el="34" ec="5" bec="0" bev="0" fileid="15" />
                <SequencePoint vc="1" uspid="2114" ordinal="0" offset="1" sl="35" sc="9" el="35" ec="9" bec="0" bev="0" fileid="15" />
                <SequencePoint vc="1" uspid="2115" ordinal="0" offset="8" sl="37" sc="9" el="37" ec="9" bec="0" bev="0" fileid="15" />
                <SequencePoint vc="1" uspid="2116" ordinal="0" offset="15" sl="38" sc="5" el="38" ec="5" bec="0" bev="0" fileid="15" />
              </SequencePoints>
              <BranchPoints />
            </Method>
            <Method visited="true" cyclomaticComplexity="0" nPathComplexity="0" sequenceCoverage="83.33" branchCoverage="0" crapScore="0" isConstructor="false" isStatic="false" isGetter="false" isSetter="false">
              <Summary numSequencePoints="6" visitedSequencePoints="5" numBranchPoints="0" visitedBranchPoints="0" sequenceCoverage="83.33" branchCoverage="0" maxCyclomaticComplexity="0" minCyclomaticComplexity="0" maxCrapScore="0" minCrapScore="0" visitedClasses="0" numClasses="0" visitedMethods="1" numMethods="1" />
              <MetadataToken>100663335</MetadataToken>
              <Name>System.Void TankHealth::SetHealthUI()</Name>
              <FileRef uid="15" />
              <SequencePoints>
                <SequencePoint vc="1" uspid="2125" ordinal="0" offset="0" sl="54" sc="5" el="54" ec="5" bec="0" bev="0" fileid="15" />
                <SequencePoint vc="1" uspid="2126" ordinal="0" offset="1" sl="55" sc="9" el="55" ec="9" bec="0" bev="0" fileid="15" />
                <SequencePoint vc="0" uspid="2127" ordinal="0" offset="17" sl="55" sc="31" el="55" ec="31" bec="0" bev="0" fileid="15" />
                <SequencePoint vc="1" uspid="2128" ordinal="0" offset="19" sl="57" sc="9" el="57" ec="9" bec="0" bev="0" fileid="15" />
                <SequencePoint vc="1" uspid="2129" ordinal="0" offset="37" sl="58" sc="9" el="58" ec="9" bec="0" bev="0" fileid="15" />
                <SequencePoint vc="1" uspid="2130" ordinal="0" offset="79" sl="59" sc="5" el="59" ec="5" bec="0" bev="0" fileid="15" />
              </SequencePoints>
              <BranchPoints />
            </Method>
            <Method visited="true" cyclomaticComplexity="0" nPathComplexity="0" sequenceCoverage="100.0" branchCoverage="0" crapScore="0" isConstructor="true" isStatic="false" isGetter="false" isSetter="false">
              <Summary numSequencePoints="3" visitedSequencePoints="3" numBranchPoints="0" visitedBranchPoints="0" sequenceCoverage="100.0" branchCoverage="0" maxCyclomaticComplexity="0" minCyclomaticComplexity="0" maxCrapScore="0" minCrapScore="0" visitedClasses="0" numClasses="0" visitedMethods="1" numMethods="1" />
              <MetadataToken>100663337</MetadataToken>
              <Name>TankHealth::TankHealth()</Name>
              <FileRef uid="15" />
              <SequencePoints>
                <SequencePoint vc="1" uspid="2141" ordinal="0" offset="0" sl="6" sc="5" el="6" ec="5" bec="0" bev="0" fileid="15" />
                <SequencePoint vc="1" uspid="2142" ordinal="0" offset="11" sl="9" sc="5" el="9" ec="5" bec="0" bev="0" fileid="15" />
                <SequencePoint vc="1" uspid="2143" ordinal="0" offset="22" sl="10" sc="5" el="10" ec="5" bec="0" bev="0" fileid="15" />
              </SequencePoints>
              <BranchPoints />
            </Method>
          </Methods>
        </Class>
        <Class>
          <Summary numSequencePoints="54" visitedSequencePoints="41" numBranchPoints="0" visitedBranchPoints="0" sequenceCoverage="75.93" branchCoverage="0.0" maxCyclomaticComplexity="0" minCyclomaticComplexity="0" maxCrapScore="0" minCrapScore="0" visitedClasses="1" numClasses="1" visitedMethods="9" numMethods="9" />
          <FullName>TankMovement</FullName>
          <Methods>
            <Method visited="true" cyclomaticComplexity="0" nPathComplexity="0" sequenceCoverage="100.0" branchCoverage="0" crapScore="0" isConstructor="false" isStatic="false" isGetter="false" isSetter="false">
              <Summary numSequencePoints="3" visitedSequencePoints="3" numBranchPoints="0" visitedBranchPoints="0" sequenceCoverage="100.0" branchCoverage="0" maxCyclomaticComplexity="0" minCyclomaticComplexity="0" maxCrapScore="0" minCrapScore="0" visitedClasses="0" numClasses="0" visitedMethods="1" numMethods="1" />
              <MetadataToken>100663338</MetadataToken>
              <Name>System.Void TankMovement::Awake()</Name>
              <FileRef uid="16" />
              <SequencePoints>
                <SequencePoint vc="1" uspid="2144" ordinal="0" offset="0" sl="23" sc="5" el="23" ec="5" bec="0" bev="0" fileid="16" />
                <SequencePoint vc="1" uspid="2145" ordinal="0" offset="1" sl="24" sc="9" el="24" ec="9" bec="0" bev="0" fileid="16" />
                <SequencePoint vc="1" uspid="2146" ordinal="0" offset="13" sl="25" sc="5" el="25" ec="5" bec="0" bev="0" fileid="16" />
              </SequencePoints>
              <BranchPoints />
            </Method>
            <Method visited="true" cyclomaticComplexity="0" nPathComplexity="0" sequenceCoverage="100.0" branchCoverage="0" crapScore="0" isConstructor="false" isStatic="false" isGetter="false" isSetter="false">
              <Summary numSequencePoints="5" visitedSequencePoints="5" numBranchPoints="0" visitedBranchPoints="0" sequenceCoverage="100.0" branchCoverage="0" maxCyclomaticComplexity="0" minCyclomaticComplexity="0" maxCrapScore="0" minCrapScore="0" visitedClasses="0" numClasses="0" visitedMethods="1" numMethods="1" />
              <MetadataToken>100663339</MetadataToken>
              <Name>System.Void TankMovement::OnEnable()</Name>
              <FileRef uid="16" />
              <SequencePoints>
                <SequencePoint vc="1" uspid="2147" ordinal="0" offset="0" sl="29" sc="5" el="29" ec="5" bec="0" bev="0" fileid="16" />
                <SequencePoint vc="1" uspid="2148" ordinal="0" offset="1" sl="30" sc="9" el="30" ec="9" bec="0" bev="0" fileid="16" />
                <SequencePoint vc="1" uspid="2149" ordinal="0" offset="14" sl="31" sc="9" el="31" ec="9" bec="0" bev="0" fileid="16" />
                <SequencePoint vc="1" uspid="2150" ordinal="0" offset="25" sl="32" sc="9" el="32" ec="9" bec="0" bev="0" fileid="16" />
                <SequencePoint vc="1" uspid="2151" ordinal="0" offset="36" sl="33" sc="5" el="33" ec="5" bec="0" bev="0" fileid="16" />
              </SequencePoints>
              <BranchPoints />
            </Method>
            <Method visited="true" cyclomaticComplexity="0" nPathComplexity="0" sequenceCoverage="100.0" branchCoverage="0" crapScore="0" isConstructor="false" isStatic="false" isGetter="false" isSetter="false">
              <Summary numSequencePoints="5" visitedSequencePoints="5" numBranchPoints="0" visitedBranchPoints="0" sequenceCoverage="100.0" branchCoverage="0" maxCyclomaticComplexity="0" minCyclomaticComplexity="0" maxCrapScore="0" minCrapScore="0" visitedClasses="0" numClasses="0" visitedMethods="1" numMethods="1" />
              <MetadataToken>100663341</MetadataToken>
              <Name>System.Void TankMovement::Start()</Name>
              <FileRef uid="16" />
              <SequencePoints>
                <SequencePoint vc="1" uspid="2155" ordinal="0" offset="0" sl="43" sc="5" el="43" ec="5" bec="0" bev="0" fileid="16" />
                <SequencePoint vc="1" uspid="2156" ordinal="0" offset="1" sl="44" sc="9" el="44" ec="9" bec="0" bev="0" fileid="16" />
                <SequencePoint vc="1" uspid="2157" ordinal="0" offset="28" sl="45" sc="9" el="45" ec="9" bec="0" bev="0" fileid="16" />
                <SequencePoint vc="1" uspid="2158" ordinal="0" offset="55" sl="47" sc="9" el="47" ec="9" bec="0" bev="0" fileid="16" />
                <SequencePoint vc="1" uspid="2159" ordinal="0" offset="72" sl="48" sc="5" el="48" ec="5" bec="0" bev="0" fileid="16" />
              </SequencePoints>
              <BranchPoints />
            </Method>
            <Method visited="true" cyclomaticComplexity="0" nPathComplexity="0" sequenceCoverage="100.0" branchCoverage="0" crapScore="0" isConstructor="false" isStatic="false" isGetter="false" isSetter="false">
              <Summary numSequencePoints="5" visitedSequencePoints="5" numBranchPoints="0" visitedBranchPoints="0" sequenceCoverage="100.0" branchCoverage="0" maxCyclomaticComplexity="0" minCyclomaticComplexity="0" maxCrapScore="0" minCrapScore="0" visitedClasses="0" numClasses="0" visitedMethods="1" numMethods="1" />
              <MetadataToken>100663342</MetadataToken>
              <Name>System.Void TankMovement::Update()</Name>
              <FileRef uid="16" />
              <SequencePoints>
                <SequencePoint vc="377" uspid="2160" ordinal="0" offset="0" sl="52" sc="5" el="52" ec="5" bec="0" bev="0" fileid="16" />
                <SequencePoint vc="377" uspid="2161" ordinal="0" offset="1" sl="54" sc="9" el="54" ec="9" bec="0" bev="0" fileid="16" />
                <SequencePoint vc="377" uspid="2162" ordinal="0" offset="18" sl="55" sc="9" el="55" ec="9" bec="0" bev="0" fileid="16" />
                <SequencePoint vc="377" uspid="2163" ordinal="0" offset="35" sl="56" sc="4" el="56" ec="4" bec="0" bev="0" fileid="16" />
                <SequencePoint vc="377" uspid="2164" ordinal="0" offset="42" sl="57" sc="5" el="57" ec="5" bec="0" bev="0" fileid="16" />
              </SequencePoints>
              <BranchPoints />
            </Method>
            <Method visited="true" cyclomaticComplexity="0" nPathComplexity="0" sequenceCoverage="31.58" branchCoverage="0" crapScore="0" isConstructor="false" isStatic="false" isGetter="false" isSetter="false">
              <Summary numSequencePoints="19" visitedSequencePoints="6" numBranchPoints="0" visitedBranchPoints="0" sequenceCoverage="31.58" branchCoverage="0" maxCyclomaticComplexity="0" minCyclomaticComplexity="0" maxCrapScore="0" minCrapScore="0" visitedClasses="0" numClasses="0" visitedMethods="1" numMethods="1" />
              <MetadataToken>100663343</MetadataToken>
              <Name>System.Void TankMovement::EngineAudio()</Name>
              <FileRef uid="16" />
              <SequencePoints>
                <SequencePoint vc="377" uspid="2165" ordinal="0" offset="0" sl="61" sc="5" el="61" ec="5" bec="0" bev="0" fileid="16" />
                <SequencePoint vc="377" uspid="2166" ordinal="0" offset="1" sl="63" sc="9" el="63" ec="9" bec="0" bev="0" fileid="16" />
                <SequencePoint vc="377" uspid="2167" ordinal="0" offset="44" sl="64" sc="9" el="64" ec="9" bec="0" bev="0" fileid="16" />
                <SequencePoint vc="377" uspid="2168" ordinal="0" offset="45" sl="66" sc="13" el="66" ec="13" bec="0" bev="0" fileid="16" />
                <SequencePoint vc="0" uspid="2169" ordinal="0" offset="71" sl="67" sc="13" el="67" ec="13" bec="0" bev="0" fileid="16" />
                <SequencePoint vc="0" uspid="2170" ordinal="0" offset="72" sl="69" sc="17" el="69" ec="17" bec="0" bev="0" fileid="16" />
                <SequencePoint vc="0" uspid="2171" ordinal="0" offset="90" sl="70" sc="17" el="70" ec="17" bec="0" bev="0" fileid="16" />
                <SequencePoint vc="0" uspid="2172" ordinal="0" offset="133" sl="71" sc="17" el="71" ec="17" bec="0" bev="0" fileid="16" />
                <SequencePoint vc="0" uspid="2173" ordinal="0" offset="145" sl="72" sc="13" el="72" ec="13" bec="0" bev="0" fileid="16" />
                <SequencePoint vc="377" uspid="2174" ordinal="0" offset="146" sl="73" sc="9" el="73" ec="9" bec="0" bev="0" fileid="16" />
                <SequencePoint vc="0" uspid="2175" ordinal="0" offset="149" sl="75" sc="9" el="75" ec="9" bec="0" bev="0" fileid="16" />
                <SequencePoint vc="0" uspid="2176" ordinal="0" offset="150" sl="77" sc="13" el="77" ec="13" bec="0" bev="0" fileid="16" />
                <SequencePoint vc="0" uspid="2177" ordinal="0" offset="176" sl="78" sc="13" el="78" ec="13" bec="0" bev="0" fileid="16" />
                <SequencePoint vc="0" uspid="2178" ordinal="0" offset="177" sl="80" sc="17" el="80" ec="17" bec="0" bev="0" fileid="16" />
                <SequencePoint vc="0" uspid="2179" ordinal="0" offset="195" sl="81" sc="17" el="81" ec="17" bec="0" bev="0" fileid="16" />
                <SequencePoint vc="0" uspid="2180" ordinal="0" offset="238" sl="82" sc="17" el="82" ec="17" bec="0" bev="0" fileid="16" />
                <SequencePoint vc="0" uspid="2181" ordinal="0" offset="250" sl="83" sc="13" el="83" ec="13" bec="0" bev="0" fileid="16" />
                <SequencePoint vc="0" uspid="2182" ordinal="0" offset="251" sl="84" sc="9" el="84" ec="9" bec="0" bev="0" fileid="16" />
                <SequencePoint vc="377" uspid="2183" ordinal="0" offset="252" sl="85" sc="5" el="85" ec="5" bec="0" bev="0" fileid="16" />
              </SequencePoints>
              <BranchPoints />
            </Method>
            <Method visited="true" cyclomaticComplexity="0" nPathComplexity="0" sequenceCoverage="100.0" branchCoverage="0" crapScore="0" isConstructor="false" isStatic="false" isGetter="false" isSetter="false">
              <Summary numSequencePoints="4" visitedSequencePoints="4" numBranchPoints="0" visitedBranchPoints="0" sequenceCoverage="100.0" branchCoverage="0" maxCyclomaticComplexity="0" minCyclomaticComplexity="0" maxCrapScore="0" minCrapScore="0" visitedClasses="0" numClasses="0" visitedMethods="1" numMethods="1" />
              <MetadataToken>100663344</MetadataToken>
              <Name>System.Void TankMovement::FixedUpdate()</Name>
              <FileRef uid="16" />
              <SequencePoints>
                <SequencePoint vc="50" uspid="2184" ordinal="0" offset="0" sl="89" sc="5" el="89" ec="5" bec="0" bev="0" fileid="16" />
                <SequencePoint vc="50" uspid="2185" ordinal="0" offset="1" sl="91" sc="9" el="91" ec="9" bec="0" bev="0" fileid="16" />
                <SequencePoint vc="50" uspid="2186" ordinal="0" offset="8" sl="92" sc="9" el="92" ec="9" bec="0" bev="0" fileid="16" />
                <SequencePoint vc="50" uspid="2187" ordinal="0" offset="15" sl="93" sc="5" el="93" ec="5" bec="0" bev="0" fileid="16" />
              </SequencePoints>
              <BranchPoints />
            </Method>
            <Method visited="true" cyclomaticComplexity="0" nPathComplexity="0" sequenceCoverage="100.0" branchCoverage="0" crapScore="0" isConstructor="false" isStatic="false" isGetter="false" isSetter="false">
              <Summary numSequencePoints="4" visitedSequencePoints="4" numBranchPoints="0" visitedBranchPoints="0" sequenceCoverage="100.0" branchCoverage="0" maxCyclomaticComplexity="0" minCyclomaticComplexity="0" maxCrapScore="0" minCrapScore="0" visitedClasses="0" numClasses="0" visitedMethods="1" numMethods="1" />
              <MetadataToken>100663345</MetadataToken>
              <Name>System.Void TankMovement::Move()</Name>
              <FileRef uid="16" />
              <SequencePoints>
                <SequencePoint vc="51" uspid="2188" ordinal="0" offset="0" sl="97" sc="5" el="97" ec="5" bec="0" bev="0" fileid="16" />
                <SequencePoint vc="51" uspid="2189" ordinal="0" offset="1" sl="101" sc="9" el="101" ec="9" bec="0" bev="0" fileid="16" />
                <SequencePoint vc="51" uspid="2190" ordinal="0" offset="45" sl="104" sc="9" el="104" ec="9" bec="0" bev="0" fileid="16" />
                <SequencePoint vc="51" uspid="2191" ordinal="0" offset="74" sl="105" sc="5" el="105" ec="5" bec="0" bev="0" fileid="16" />
              </SequencePoints>
              <BranchPoints />
            </Method>
            <Method visited="true" cyclomaticComplexity="0" nPathComplexity="0" sequenceCoverage="100.0" branchCoverage="0" crapScore="0" isConstructor="false" isStatic="false" isGetter="false" isSetter="false">
              <Summary numSequencePoints="5" visitedSequencePoints="5" numBranchPoints="0" visitedBranchPoints="0" sequenceCoverage="100.0" branchCoverage="0" maxCyclomaticComplexity="0" minCyclomaticComplexity="0" maxCrapScore="0" minCrapScore="0" visitedClasses="0" numClasses="0" visitedMethods="1" numMethods="1" />
              <MetadataToken>100663346</MetadataToken>
              <Name>System.Void TankMovement::Turn()</Name>
              <FileRef uid="16" />
              <SequencePoints>
                <SequencePoint vc="50" uspid="2192" ordinal="0" offset="0" sl="109" sc="5" el="109" ec="5" bec="0" bev="0" fileid="16" />
                <SequencePoint vc="50" uspid="2193" ordinal="0" offset="1" sl="112" sc="9" el="112" ec="9" bec="0" bev="0" fileid="16" />
                <SequencePoint vc="50" uspid="2194" ordinal="0" offset="21" sl="115" sc="9" el="115" ec="9" bec="0" bev="0" fileid="16" />
                <SequencePoint vc="50" uspid="2195" ordinal="0" offset="38" sl="118" sc="9" el="118" ec="9" bec="0" bev="0" fileid="16" />
                <SequencePoint vc="50" uspid="2196" ordinal="0" offset="67" sl="119" sc="5" el="119" ec="5" bec="0" bev="0" fileid="16" />
              </SequencePoints>
              <BranchPoints />
            </Method>
            <Method visited="true" cyclomaticComplexity="0" nPathComplexity="0" sequenceCoverage="100.0" branchCoverage="0" crapScore="0" isConstructor="true" isStatic="false" isGetter="false" isSetter="false">
              <Summary numSequencePoints="4" visitedSequencePoints="4" numBranchPoints="0" visitedBranchPoints="0" sequenceCoverage="100.0" branchCoverage="0" maxCyclomaticComplexity="0" minCyclomaticComplexity="0" maxCrapScore="0" minCrapScore="0" visitedClasses="0" numClasses="0" visitedMethods="1" numMethods="1" />
              <MetadataToken>100663347</MetadataToken>
              <Name>TankMovement::TankMovement()</Name>
              <FileRef uid="16" />
              <SequencePoints>
                <SequencePoint vc="1" uspid="2197" ordinal="0" offset="0" sl="5" sc="5" el="5" ec="5" bec="0" bev="0" fileid="16" />
                <SequencePoint vc="1" uspid="2198" ordinal="0" offset="7" sl="6" sc="5" el="6" ec="5" bec="0" bev="0" fileid="16" />
                <SequencePoint vc="1" uspid="2199" ordinal="0" offset="18" sl="7" sc="5" el="7" ec="5" bec="0" bev="0" fileid="16" />
                <SequencePoint vc="1" uspid="2200" ordinal="0" offset="29" sl="11" sc="5" el="11" ec="5" bec="0" bev="0" fileid="16" />
              </SequencePoints>
              <BranchPoints />
            </Method>
          </Methods>
        </Class>
        <Class>
          <Summary numSequencePoints="59" visitedSequencePoints="42" numBranchPoints="0" visitedBranchPoints="0" sequenceCoverage="71.19" branchCoverage="0.0" maxCyclomaticComplexity="0" minCyclomaticComplexity="0" maxCrapScore="0" minCrapScore="0" visitedClasses="1" numClasses="1" visitedMethods="10" numMethods="10" />
          <FullName>TankShooting</FullName>
          <Methods>
            <Method visited="true" cyclomaticComplexity="0" nPathComplexity="0" sequenceCoverage="100.0" branchCoverage="0" crapScore="0" isConstructor="false" isStatic="false" isGetter="true" isSetter="false">
              <Summary numSequencePoints="3" visitedSequencePoints="3" numBranchPoints="0" visitedBranchPoints="0" sequenceCoverage="100.0" branchCoverage="0" maxCyclomaticComplexity="0" minCyclomaticComplexity="0" maxCrapScore="0" minCrapScore="0" visitedClasses="0" numClasses="0" visitedMethods="1" numMethods="1" />
              <MetadataToken>100663350</MetadataToken>
              <Name>System.Single TankShooting::get_GetChargeSpeed()</Name>
              <FileRef uid="17" />
              <SequencePoints>
                <SequencePoint vc="1" uspid="2207" ordinal="0" offset="0" sl="44" sc="13" el="44" ec="13" bec="0" bev="0" fileid="17" />
                <SequencePoint vc="1" uspid="2208" ordinal="0" offset="1" sl="45" sc="13" el="45" ec="13" bec="0" bev="0" fileid="17" />
                <SequencePoint vc="1" uspid="2209" ordinal="0" offset="24" sl="46" sc="9" el="46" ec="9" bec="0" bev="0" fileid="17" />
              </SequencePoints>
              <BranchPoints />
            </Method>
            <Method visited="true" cyclomaticComplexity="0" nPathComplexity="0" sequenceCoverage="100.0" branchCoverage="0" crapScore="0" isConstructor="false" isStatic="false" isGetter="true" isSetter="false">
              <Summary numSequencePoints="3" visitedSequencePoints="3" numBranchPoints="0" visitedBranchPoints="0" sequenceCoverage="100.0" branchCoverage="0" maxCyclomaticComplexity="0" minCyclomaticComplexity="0" maxCrapScore="0" minCrapScore="0" visitedClasses="0" numClasses="0" visitedMethods="1" numMethods="1" />
              <MetadataToken>100663351</MetadataToken>
              <Name>System.String TankShooting::get_GetFireButtonName()</Name>
              <FileRef uid="17" />
              <SequencePoints>
                <SequencePoint vc="1" uspid="2210" ordinal="0" offset="0" sl="51" sc="13" el="51" ec="13" bec="0" bev="0" fileid="17" />
                <SequencePoint vc="1" uspid="2211" ordinal="0" offset="1" sl="52" sc="13" el="52" ec="13" bec="0" bev="0" fileid="17" />
                <SequencePoint vc="1" uspid="2212" ordinal="0" offset="25" sl="53" sc="9" el="53" ec="9" bec="0" bev="0" fileid="17" />
              </SequencePoints>
              <BranchPoints />
            </Method>
            <Method visited="true" cyclomaticComplexity="0" nPathComplexity="0" sequenceCoverage="100.0" branchCoverage="0" crapScore="0" isConstructor="false" isStatic="false" isGetter="false" isSetter="false">
              <Summary numSequencePoints="4" visitedSequencePoints="4" numBranchPoints="0" visitedBranchPoints="0" sequenceCoverage="100.0" branchCoverage="0" maxCyclomaticComplexity="0" minCyclomaticComplexity="0" maxCrapScore="0" minCrapScore="0" visitedClasses="0" numClasses="0" visitedMethods="1" numMethods="1" />
              <MetadataToken>100663356</MetadataToken>
              <Name>System.Void TankShooting::OnEnable()</Name>
              <FileRef uid="17" />
              <SequencePoints>
                <SequencePoint vc="1" uspid="2225" ordinal="0" offset="0" sl="83" sc="5" el="83" ec="5" bec="0" bev="0" fileid="17" />
                <SequencePoint vc="1" uspid="2226" ordinal="0" offset="1" sl="85" sc="9" el="85" ec="9" bec="0" bev="0" fileid="17" />
                <SequencePoint vc="1" uspid="2227" ordinal="0" offset="13" sl="86" sc="9" el="86" ec="9" bec="0" bev="0" fileid="17" />
                <SequencePoint vc="1" uspid="2228" ordinal="0" offset="31" sl="87" sc="5" el="87" ec="5" bec="0" bev="0" fileid="17" />
              </SequencePoints>
              <BranchPoints />
            </Method>
            <Method visited="true" cyclomaticComplexity="0" nPathComplexity="0" sequenceCoverage="100.0" branchCoverage="0" crapScore="0" isConstructor="false" isStatic="false" isGetter="false" isSetter="false">
              <Summary numSequencePoints="4" visitedSequencePoints="4" numBranchPoints="0" visitedBranchPoints="0" sequenceCoverage="100.0" branchCoverage="0" maxCyclomaticComplexity="0" minCyclomaticComplexity="0" maxCrapScore="0" minCrapScore="0" visitedClasses="0" numClasses="0" visitedMethods="1" numMethods="1" />
              <MetadataToken>100663357</MetadataToken>
              <Name>System.Void TankShooting::Start()</Name>
              <FileRef uid="17" />
              <SequencePoints>
                <SequencePoint vc="1" uspid="2229" ordinal="0" offset="0" sl="91" sc="5" el="91" ec="5" bec="0" bev="0" fileid="17" />
                <SequencePoint vc="1" uspid="2230" ordinal="0" offset="1" sl="93" sc="9" el="93" ec="9" bec="0" bev="0" fileid="17" />
                <SequencePoint vc="1" uspid="2231" ordinal="0" offset="13" sl="96" sc="9" el="96" ec="9" bec="0" bev="0" fileid="17" />
                <SequencePoint vc="1" uspid="2232" ordinal="0" offset="25" sl="97" sc="5" el="97" ec="5" bec="0" bev="0" fileid="17" />
              </SequencePoints>
              <BranchPoints />
            </Method>
            <Method visited="true" cyclomaticComplexity="0" nPathComplexity="0" sequenceCoverage="100.0" branchCoverage="0" crapScore="0" isConstructor="false" isStatic="false" isGetter="false" isSetter="false">
              <Summary numSequencePoints="3" visitedSequencePoints="3" numBranchPoints="0" visitedBranchPoints="0" sequenceCoverage="100.0" branchCoverage="0" maxCyclomaticComplexity="0" minCyclomaticComplexity="0" maxCrapScore="0" minCrapScore="0" visitedClasses="0" numClasses="0" visitedMethods="1" numMethods="1" />
              <MetadataToken>100663358</MetadataToken>
              <Name>System.Void TankShooting::Update()</Name>
              <FileRef uid="17" />
              <SequencePoints>
                <SequencePoint vc="377" uspid="2233" ordinal="0" offset="0" sl="100" sc="5" el="100" ec="5" bec="0" bev="0" fileid="17" />
                <SequencePoint vc="377" uspid="2234" ordinal="0" offset="1" sl="101" sc="9" el="101" ec="9" bec="0" bev="0" fileid="17" />
                <SequencePoint vc="377" uspid="2235" ordinal="0" offset="8" sl="102" sc="5" el="102" ec="5" bec="0" bev="0" fileid="17" />
              </SequencePoints>
              <BranchPoints />
            </Method>
            <Method visited="true" cyclomaticComplexity="0" nPathComplexity="0" sequenceCoverage="29.17" branchCoverage="0" crapScore="0" isConstructor="false" isStatic="false" isGetter="false" isSetter="false">
              <Summary numSequencePoints="24" visitedSequencePoints="7" numBranchPoints="0" visitedBranchPoints="0" sequenceCoverage="29.17" branchCoverage="0" maxCyclomaticComplexity="0" minCyclomaticComplexity="0" maxCrapScore="0" minCrapScore="0" visitedClasses="0" numClasses="0" visitedMethods="1" numMethods="1" />
              <MetadataToken>100663359</MetadataToken>
              <Name>System.Void TankShooting::HandleFiring()</Name>
              <FileRef uid="17" />
              <SequencePoints>
                <SequencePoint vc="377" uspid="2236" ordinal="0" offset="0" sl="105" sc="5" el="105" ec="5" bec="0" bev="0" fileid="17" />
                <SequencePoint vc="377" uspid="2237" ordinal="0" offset="1" sl="107" sc="9" el="107" ec="9" bec="0" bev="0" fileid="17" />
                <SequencePoint vc="377" uspid="2238" ordinal="0" offset="19" sl="110" sc="9" el="110" ec="9" bec="0" bev="0" fileid="17" />
                <SequencePoint vc="0" uspid="2239" ordinal="0" offset="49" sl="111" sc="9" el="111" ec="9" bec="0" bev="0" fileid="17" />
                <SequencePoint vc="0" uspid="2240" ordinal="0" offset="50" sl="113" sc="13" el="113" ec="13" bec="0" bev="0" fileid="17" />
                <SequencePoint vc="0" uspid="2241" ordinal="0" offset="62" sl="114" sc="13" el="114" ec="13" bec="0" bev="0" fileid="17" />
                <SequencePoint vc="0" uspid="2242" ordinal="0" offset="74" sl="115" sc="9" el="115" ec="9" bec="0" bev="0" fileid="17" />
                <SequencePoint vc="377" uspid="2243" ordinal="0" offset="80" sl="117" sc="14" el="117" ec="14" bec="0" bev="0" fileid="17" />
                <SequencePoint vc="0" uspid="2244" ordinal="0" offset="90" sl="118" sc="9" el="118" ec="9" bec="0" bev="0" fileid="17" />
                <SequencePoint vc="0" uspid="2245" ordinal="0" offset="91" sl="120" sc="13" el="120" ec="13" bec="0" bev="0" fileid="17" />
                <SequencePoint vc="0" uspid="2246" ordinal="0" offset="98" sl="121" sc="13" el="121" ec="13" bec="0" bev="0" fileid="17" />
                <SequencePoint vc="0" uspid="2247" ordinal="0" offset="110" sl="124" sc="13" el="124" ec="13" bec="0" bev="0" fileid="17" />
                <SequencePoint vc="0" uspid="2248" ordinal="0" offset="128" sl="125" sc="13" el="125" ec="13" bec="0" bev="0" fileid="17" />
                <SequencePoint vc="0" uspid="2249" ordinal="0" offset="140" sl="126" sc="9" el="126" ec="9" bec="0" bev="0" fileid="17" />
                <SequencePoint vc="377" uspid="2250" ordinal="0" offset="143" sl="128" sc="14" el="128" ec="14" bec="0" bev="0" fileid="17" />
                <SequencePoint vc="0" uspid="2251" ordinal="0" offset="167" sl="129" sc="9" el="129" ec="9" bec="0" bev="0" fileid="17" />
                <SequencePoint vc="0" uspid="2252" ordinal="0" offset="168" sl="131" sc="13" el="131" ec="13" bec="0" bev="0" fileid="17" />
                <SequencePoint vc="0" uspid="2253" ordinal="0" offset="193" sl="132" sc="13" el="132" ec="13" bec="0" bev="0" fileid="17" />
                <SequencePoint vc="0" uspid="2254" ordinal="0" offset="211" sl="133" sc="9" el="133" ec="9" bec="0" bev="0" fileid="17" />
                <SequencePoint vc="377" uspid="2255" ordinal="0" offset="214" sl="135" sc="14" el="135" ec="14" bec="0" bev="0" fileid="17" />
                <SequencePoint vc="0" uspid="2256" ordinal="0" offset="238" sl="136" sc="9" el="136" ec="9" bec="0" bev="0" fileid="17" />
                <SequencePoint vc="0" uspid="2257" ordinal="0" offset="239" sl="138" sc="13" el="138" ec="13" bec="0" bev="0" fileid="17" />
                <SequencePoint vc="0" uspid="2258" ordinal="0" offset="251" sl="139" sc="9" el="139" ec="9" bec="0" bev="0" fileid="17" />
                <SequencePoint vc="377" uspid="2259" ordinal="0" offset="252" sl="140" sc="5" el="140" ec="5" bec="0" bev="0" fileid="17" />
              </SequencePoints>
              <BranchPoints />
            </Method>
            <Method visited="true" cyclomaticComplexity="0" nPathComplexity="0" sequenceCoverage="100.0" branchCoverage="0" crapScore="0" isConstructor="false" isStatic="false" isGetter="false" isSetter="false">
              <Summary numSequencePoints="3" visitedSequencePoints="3" numBranchPoints="0" visitedBranchPoints="0" sequenceCoverage="100.0" branchCoverage="0" maxCyclomaticComplexity="0" minCyclomaticComplexity="0" maxCrapScore="0" minCrapScore="0" visitedClasses="0" numClasses="0" visitedMethods="1" numMethods="1" />
              <MetadataToken>100663360</MetadataToken>
              <Name>System.Boolean TankShooting::GetFireButtonDown()</Name>
              <FileRef uid="17" />
              <SequencePoints>
                <SequencePoint vc="377" uspid="2260" ordinal="0" offset="0" sl="143" sc="5" el="143" ec="5" bec="0" bev="0" fileid="17" />
                <SequencePoint vc="377" uspid="2261" ordinal="0" offset="1" sl="144" sc="9" el="144" ec="9" bec="0" bev="0" fileid="17" />
                <SequencePoint vc="377" uspid="2262" ordinal="0" offset="31" sl="147" sc="5" el="147" ec="5" bec="0" bev="0" fileid="17" />
              </SequencePoints>
              <BranchPoints />
            </Method>
            <Method visited="true" cyclomaticComplexity="0" nPathComplexity="0" sequenceCoverage="100.0" branchCoverage="0" crapScore="0" isConstructor="false" isStatic="false" isGetter="false" isSetter="false">
              <Summary numSequencePoints="3" visitedSequencePoints="3" numBranchPoints="0" visitedBranchPoints="0" sequenceCoverage="100.0" branchCoverage="0" maxCyclomaticComplexity="0" minCyclomaticComplexity="0" maxCrapScore="0" minCrapScore="0" visitedClasses="0" numClasses="0" visitedMethods="1" numMethods="1" />
              <MetadataToken>100663361</MetadataToken>
              <Name>System.Boolean TankShooting::GetFireButton()</Name>
              <FileRef uid="17" />
              <SequencePoints>
                <SequencePoint vc="377" uspid="2263" ordinal="0" offset="0" sl="150" sc="5" el="150" ec="5" bec="0" bev="0" fileid="17" />
                <SequencePoint vc="377" uspid="2264" ordinal="0" offset="1" sl="151" sc="9" el="151" ec="9" bec="0" bev="0" fileid="17" />
                <SequencePoint vc="377" uspid="2265" ordinal="0" offset="31" sl="154" sc="5" el="154" ec="5" bec="0" bev="0" fileid="17" />
              </SequencePoints>
              <BranchPoints />
            </Method>
            <Method visited="true" cyclomaticComplexity="0" nPathComplexity="0" sequenceCoverage="100.0" branchCoverage="0" crapScore="0" isConstructor="false" isStatic="false" isGetter="false" isSetter="false">
              <Summary numSequencePoints="3" visitedSequencePoints="3" numBranchPoints="0" visitedBranchPoints="0" sequenceCoverage="100.0" branchCoverage="0" maxCyclomaticComplexity="0" minCyclomaticComplexity="0" maxCrapScore="0" minCrapScore="0" visitedClasses="0" numClasses="0" visitedMethods="1" numMethods="1" />
              <MetadataToken>100663362</MetadataToken>
              <Name>System.Boolean TankShooting::GetFireButtonUp()</Name>
              <FileRef uid="17" />
              <SequencePoints>
                <SequencePoint vc="377" uspid="2266" ordinal="0" offset="0" sl="157" sc="5" el="157" ec="5" bec="0" bev="0" fileid="17" />
                <SequencePoint vc="377" uspid="2267" ordinal="0" offset="1" sl="158" sc="9" el="158" ec="9" bec="0" bev="0" fileid="17" />
                <SequencePoint vc="377" uspid="2268" ordinal="0" offset="31" sl="161" sc="5" el="161" ec="5" bec="0" bev="0" fileid="17" />
              </SequencePoints>
              <BranchPoints />
            </Method>
            <Method visited="true" cyclomaticComplexity="0" nPathComplexity="0" sequenceCoverage="100.0" branchCoverage="0" crapScore="0" isConstructor="true" isStatic="false" isGetter="false" isSetter="false">
              <Summary numSequencePoints="9" visitedSequencePoints="9" numBranchPoints="0" visitedBranchPoints="0" sequenceCoverage="100.0" branchCoverage="0" maxCyclomaticComplexity="0" minCyclomaticComplexity="0" maxCrapScore="0" minCrapScore="0" visitedClasses="0" numClasses="0" visitedMethods="1" numMethods="1" />
              <MetadataToken>100663364</MetadataToken>
              <Name>TankShooting::TankShooting()</Name>
              <FileRef uid="17" />
              <SequencePoints>
                <SequencePoint vc="1" uspid="2279" ordinal="0" offset="0" sl="6" sc="5" el="6" ec="5" bec="0" bev="0" fileid="17" />
                <SequencePoint vc="1" uspid="2280" ordinal="0" offset="7" sl="13" sc="5" el="13" ec="5" bec="0" bev="0" fileid="17" />
                <SequencePoint vc="1" uspid="2281" ordinal="0" offset="18" sl="14" sc="5" el="14" ec="5" bec="0" bev="0" fileid="17" />
                <SequencePoint vc="1" uspid="2282" ordinal="0" offset="29" sl="15" sc="5" el="15" ec="5" bec="0" bev="0" fileid="17" />
                <SequencePoint vc="1" uspid="2283" ordinal="0" offset="40" sl="16" sc="23" el="16" ec="23" bec="0" bev="0" fileid="17" />
                <SequencePoint vc="1" uspid="2284" ordinal="0" offset="47" sl="17" sc="23" el="17" ec="23" bec="0" bev="0" fileid="17" />
                <SequencePoint vc="1" uspid="2285" ordinal="0" offset="54" sl="18" sc="23" el="18" ec="23" bec="0" bev="0" fileid="17" />
                <SequencePoint vc="1" uspid="2286" ordinal="0" offset="61" sl="19" sc="23" el="19" ec="23" bec="0" bev="0" fileid="17" />
                <SequencePoint vc="1" uspid="2287" ordinal="0" offset="68" sl="27" sc="5" el="27" ec="5" bec="0" bev="0" fileid="17" />
              </SequencePoints>
              <BranchPoints />
            </Method>
          </Methods>
        </Class>
        <Class>
          <Summary numSequencePoints="8" visitedSequencePoints="8" numBranchPoints="0" visitedBranchPoints="0" sequenceCoverage="100.0" branchCoverage="0.0" maxCyclomaticComplexity="0" minCyclomaticComplexity="0" maxCrapScore="0" minCrapScore="0" visitedClasses="1" numClasses="1" visitedMethods="3" numMethods="3" />
          <FullName>UIDirectionControl</FullName>
          <Methods>
            <Method visited="true" cyclomaticComplexity="0" nPathComplexity="0" sequenceCoverage="100.0" branchCoverage="0" crapScore="0" isConstructor="false" isStatic="false" isGetter="false" isSetter="false">
              <Summary numSequencePoints="3" visitedSequencePoints="3" numBranchPoints="0" visitedBranchPoints="0" sequenceCoverage="100.0" branchCoverage="0" maxCyclomaticComplexity="0" minCyclomaticComplexity="0" maxCrapScore="0" minCrapScore="0" visitedClasses="0" numClasses="0" visitedMethods="1" numMethods="1" />
              <MetadataToken>100663370</MetadataToken>
              <Name>System.Void UIDirectionControl::Start()</Name>
              <FileRef uid="19" />
              <SequencePoints>
                <SequencePoint vc="1" uspid="2333" ordinal="0" offset="0" sl="12" sc="5" el="12" ec="5" bec="0" bev="0" fileid="19" />
                <SequencePoint vc="1" uspid="2334" ordinal="0" offset="1" sl="13" sc="9" el="13" ec="9" bec="0" bev="0" fileid="19" />
                <SequencePoint vc="1" uspid="2335" ordinal="0" offset="23" sl="14" sc="5" el="14" ec="5" bec="0" bev="0" fileid="19" />
              </SequencePoints>
              <BranchPoints />
            </Method>
            <Method visited="true" cyclomaticComplexity="0" nPathComplexity="0" sequenceCoverage="100.0" branchCoverage="0" crapScore="0" isConstructor="false" isStatic="false" isGetter="false" isSetter="false">
              <Summary numSequencePoints="4" visitedSequencePoints="4" numBranchPoints="0" visitedBranchPoints="0" sequenceCoverage="100.0" branchCoverage="0" maxCyclomaticComplexity="0" minCyclomaticComplexity="0" maxCrapScore="0" minCrapScore="0" visitedClasses="0" numClasses="0" visitedMethods="1" numMethods="1" />
              <MetadataToken>100663371</MetadataToken>
              <Name>System.Void UIDirectionControl::Update()</Name>
              <FileRef uid="19" />
              <SequencePoints>
                <SequencePoint vc="377" uspid="2336" ordinal="0" offset="0" sl="18" sc="5" el="18" ec="5" bec="0" bev="0" fileid="19" />
                <SequencePoint vc="377" uspid="2337" ordinal="0" offset="1" sl="19" sc="9" el="19" ec="9" bec="0" bev="0" fileid="19" />
                <SequencePoint vc="377" uspid="2338" ordinal="0" offset="11" sl="20" sc="13" el="20" ec="13" bec="0" bev="0" fileid="19" />
                <SequencePoint vc="377" uspid="2339" ordinal="0" offset="29" sl="21" sc="5" el="21" ec="5" bec="0" bev="0" fileid="19" />
              </SequencePoints>
              <BranchPoints />
            </Method>
            <Method visited="true" cyclomaticComplexity="0" nPathComplexity="0" sequenceCoverage="100.0" branchCoverage="0" crapScore="0" isConstructor="true" isStatic="false" isGetter="false" isSetter="false">
              <Summary numSequencePoints="1" visitedSequencePoints="1" numBranchPoints="0" visitedBranchPoints="0" sequenceCoverage="100.0" branchCoverage="0" maxCyclomaticComplexity="0" minCyclomaticComplexity="0" maxCrapScore="0" minCrapScore="0" visitedClasses="0" numClasses="0" visitedMethods="1" numMethods="1" />
              <MetadataToken>100663372</MetadataToken>
              <Name>UIDirectionControl::UIDirectionControl()</Name>
              <FileRef uid="19" />
              <SequencePoints>
                <SequencePoint vc="1" uspid="2340" ordinal="0" offset="0" sl="5" sc="5" el="5" ec="5" bec="0" bev="0" fileid="19" />
              </SequencePoints>
              <BranchPoints />
            </Method>
          </Methods>
        </Class>
      </Classes>
    </Module>
    <Module>
      <Summary numSequencePoints="13" visitedSequencePoints="12" numBranchPoints="0" visitedBranchPoints="0" sequenceCoverage="92.31" branchCoverage="0.0" maxCyclomaticComplexity="0" minCyclomaticComplexity="0" maxCrapScore="0" minCrapScore="0" visitedClasses="1" numClasses="1" visitedMethods="1" numMethods="1" />
      <ModuleTime>0001-01-01T00:00:00</ModuleTime>
      <ModuleName>PlayTests</ModuleName>
      <Files>
        <File uid="21" fullPath="C:/Users/arman/Desktop/3D-Tanks-Game-Unity-master/Assets/PlayTests/TankHealthTests.cs" />
        <File uid="22" fullPath="C:/Users/arman/Desktop/3D-Tanks-Game-Unity-master/Assets/PlayTests/TankShootingTests.cs" />
        <File uid="23" fullPath="C:/Users/arman/Desktop/3D-Tanks-Game-Unity-master/Assets/PlayTests/GameManagerTests.cs" />
        <File uid="24" fullPath="C:/Users/arman/Desktop/3D-Tanks-Game-Unity-master/Assets/PlayTests/TankMovement.cs" />
      </Files>
      <Classes>
        <Class>
          <Summary numSequencePoints="13" visitedSequencePoints="12" numBranchPoints="0" visitedBranchPoints="0" sequenceCoverage="92.31" branchCoverage="0.0" maxCyclomaticComplexity="0" minCyclomaticComplexity="0" maxCrapScore="0" minCrapScore="0" visitedClasses="1" numClasses="1" visitedMethods="1" numMethods="1" />
          <FullName>TankMovementTest/&lt;TankHandlesCollision&gt;d__4</FullName>
          <Methods>
            <Method visited="true" cyclomaticComplexity="0" nPathComplexity="0" sequenceCoverage="92.31" branchCoverage="0" crapScore="0" isConstructor="false" isStatic="false" isGetter="false" isSetter="false">
              <Summary numSequencePoints="13" visitedSequencePoints="12" numBranchPoints="0" visitedBranchPoints="0" sequenceCoverage="92.31" branchCoverage="0" maxCyclomaticComplexity="0" minCyclomaticComplexity="0" maxCrapScore="0" minCrapScore="0" visitedClasses="0" numClasses="0" visitedMethods="1" numMethods="1" />
              <MetadataToken>100663384</MetadataToken>
              <Name>System.Boolean TankMovementTest/&lt;TankHandlesCollision&gt;d__4::MoveNext()</Name>
              <FileRef uid="24" />
              <SequencePoints>
                <SequencePoint vc="1" uspid="2562" ordinal="0" offset="34" sl="63" sc="5" el="63" ec="5" bec="0" bev="0" fileid="24" />
                <SequencePoint vc="1" uspid="2563" ordinal="0" offset="35" sl="65" sc="9" el="65" ec="9" bec="0" bev="0" fileid="24" />
                <SequencePoint vc="1" uspid="2564" ordinal="0" offset="61" sl="66" sc="9" el="66" ec="9" bec="0" bev="0" fileid="24" />
                <SequencePoint vc="1" uspid="2565" ordinal="0" offset="73" sl="67" sc="9" el="67" ec="9" bec="0" bev="0" fileid="24" />
                <SequencePoint vc="1" uspid="2566" ordinal="0" offset="96" sl="69" sc="9" el="69" ec="9" bec="0" bev="0" fileid="24" />
                <SequencePoint vc="1" uspid="2567" ordinal="0" offset="112" sl="70" sc="9" el="70" ec="9" bec="0" bev="0" fileid="24" />
                <SequencePoint vc="1" uspid="2568" ordinal="0" offset="154" sl="71" sc="9" el="71" ec="9" bec="0" bev="0" fileid="24" />
                <SequencePoint vc="1" uspid="2569" ordinal="0" offset="171" sl="72" sc="9" el="72" ec="9" bec="0" bev="0" fileid="24" />
                <SequencePoint vc="1" uspid="2570" ordinal="0" offset="208" sl="73" sc="9" el="73" ec="9" bec="0" bev="0" fileid="24" />
                <SequencePoint vc="1" uspid="2571" ordinal="0" offset="224" sl="74" sc="9" el="74" ec="9" bec="0" bev="0" fileid="24" />
                <SequencePoint vc="1" uspid="2572" ordinal="0" offset="236" sl="75" sc="9" el="75" ec="9" bec="0" bev="0" fileid="24" />
                <SequencePoint vc="1" uspid="2573" ordinal="0" offset="268" sl="76" sc="9" el="76" ec="9" bec="0" bev="0" fileid="24" />
                <SequencePoint vc="0" uspid="2574" ordinal="0" offset="306" sl="77" sc="5" el="77" ec="5" bec="0" bev="0" fileid="24" />
              </SequencePoints>
              <BranchPoints />
            </Method>
          </Methods>
        </Class>
      </Classes>
    </Module>
  </Modules>
</CoverageSession>