<?xml version="1.0" encoding="utf-8"?>
<CoverageSession xmlns:xsd="http://www.w3.org/2001/XMLSchema" xmlns:xsi="http://www.w3.org/2001/XMLSchema-instance" Version="0.0.0.0">
  <Summary numSequencePoints="22" visitedSequencePoints="3" numBranchPoints="0" visitedBranchPoints="0" sequenceCoverage="13.64" branchCoverage="0.0" maxCyclomaticComplexity="0" minCyclomaticComplexity="0" maxCrapScore="0" minCrapScore="0" visitedClasses="1" numClasses="1" visitedMethods="1" numMethods="1" />
  <Modules>
    <Module>
      <Summary numSequencePoints="22" visitedSequencePoints="3" numBranchPoints="0" visitedBranchPoints="0" sequenceCoverage="13.64" branchCoverage="0.0" maxCyclomaticComplexity="0" minCyclomaticComplexity="0" maxCrapScore="0" minCrapScore="0" visitedClasses="1" numClasses="1" visitedMethods="1" numMethods="1" />
      <ModuleTime>0001-01-01T00:00:00</ModuleTime>
      <ModuleName>PlayTests</ModuleName>
      <Files>
        <File uid="20" fullPath="C:/Users/arman/Desktop/3D-Tanks-Game-Unity-master/Assets/PlayTests/TankHealthTests.cs" />
        <File uid="21" fullPath="C:/Users/arman/Desktop/3D-Tanks-Game-Unity-master/Assets/PlayTests/GameManagerTests.cs" />
      </Files>
      <Classes>
        <Class>
          <Summary numSequencePoints="22" visitedSequencePoints="3" numBranchPoints="0" visitedBranchPoints="0" sequenceCoverage="13.64" branchCoverage="0.0" maxCyclomaticComplexity="0" minCyclomaticComplexity="0" maxCrapScore="0" minCrapScore="0" visitedClasses="1" numClasses="1" visitedMethods="1" numMethods="1" />
          <FullName>GameManagerTests/&lt;SpawnPositionChecking&gt;d__0</FullName>
          <Methods>
            <Method visited="true" cyclomaticComplexity="0" nPathComplexity="0" sequenceCoverage="13.64" branchCoverage="0" crapScore="0" isConstructor="false" isStatic="false" isGetter="false" isSetter="false">
              <Summary numSequencePoints="22" visitedSequencePoints="3" numBranchPoints="0" visitedBranchPoints="0" sequenceCoverage="13.64" branchCoverage="0" maxCyclomaticComplexity="0" minCyclomaticComplexity="0" maxCrapScore="0" minCrapScore="0" visitedClasses="0" numClasses="0" visitedMethods="1" numMethods="1" />
              <MetadataToken>100663315</MetadataToken>
              <Name>System.Boolean GameManagerTests/&lt;SpawnPositionChecking&gt;d__0::MoveNext()</Name>
              <FileRef uid="21" />
              <SequencePoints>
                <SequencePoint vc="1" uspid="2030" ordinal="0" offset="34" sl="12" sc="5" el="12" ec="5" bec="0" bev="0" fileid="21" />
                <SequencePoint vc="1" uspid="2031" ordinal="0" offset="35" sl="14" sc="9" el="14" ec="9" bec="0" bev="0" fileid="21" />
                <SequencePoint vc="1" uspid="2032" ordinal="0" offset="56" sl="15" sc="9" el="15" ec="9" bec="0" bev="0" fileid="21" />
                <SequencePoint vc="0" uspid="2033" ordinal="0" offset="78" sl="17" sc="9" el="17" ec="9" bec="0" bev="0" fileid="21" />
                <SequencePoint vc="0" uspid="2034" ordinal="0" offset="89" sl="18" sc="9" el="18" ec="9" bec="0" bev="0" fileid="21" />
                <SequencePoint vc="0" uspid="2035" ordinal="0" offset="106" sl="19" sc="9" el="19" ec="9" bec="0" bev="0" fileid="21" />
                <SequencePoint vc="0" uspid="2036" ordinal="0" offset="123" sl="20" sc="9" el="20" ec="9" bec="0" bev="0" fileid="21" />
                <SequencePoint vc="0" uspid="2037" ordinal="0" offset="149" sl="22" sc="9" el="22" ec="9" bec="0" bev="0" fileid="21" />
                <SequencePoint vc="0" uspid="2038" ordinal="0" offset="160" sl="23" sc="9" el="23" ec="9" bec="0" bev="0" fileid="21" />
                <SequencePoint vc="0" uspid="2039" ordinal="0" offset="202" sl="24" sc="9" el="24" ec="9" bec="0" bev="0" fileid="21" />
                <SequencePoint vc="0" uspid="2040" ordinal="0" offset="239" sl="26" sc="9" el="26" ec="9" bec="0" bev="0" fileid="21" />
                <SequencePoint vc="0" uspid="2041" ordinal="0" offset="250" sl="27" sc="9" el="27" ec="9" bec="0" bev="0" fileid="21" />
                <SequencePoint vc="0" uspid="2042" ordinal="0" offset="272" sl="28" sc="9" el="28" ec="9" bec="0" bev="0" fileid="21" />
                <SequencePoint vc="0" uspid="2043" ordinal="0" offset="288" sl="30" sc="9" el="30" ec="9" bec="0" bev="0" fileid="21" />
                <SequencePoint vc="0" uspid="2044" ordinal="0" offset="299" sl="31" sc="9" el="31" ec="9" bec="0" bev="0" fileid="21" />
                <SequencePoint vc="0" uspid="2045" ordinal="0" offset="321" sl="32" sc="9" el="32" ec="9" bec="0" bev="0" fileid="21" />
                <SequencePoint vc="0" uspid="2046" ordinal="0" offset="337" sl="33" sc="9" el="33" ec="9" bec="0" bev="0" fileid="21" />
                <SequencePoint vc="0" uspid="2047" ordinal="0" offset="372" sl="34" sc="9" el="34" ec="9" bec="0" bev="0" fileid="21" />
                <SequencePoint vc="0" uspid="2048" ordinal="0" offset="389" sl="35" sc="9" el="35" ec="9" bec="0" bev="0" fileid="21" />
                <SequencePoint vc="0" uspid="2049" ordinal="0" offset="412" sl="36" sc="9" el="36" ec="9" bec="0" bev="0" fileid="21" />
                <SequencePoint vc="0" uspid="2050" ordinal="0" offset="444" sl="37" sc="9" el="37" ec="9" bec="0" bev="0" fileid="21" />
                <SequencePoint vc="0" uspid="2051" ordinal="0" offset="462" sl="38" sc="5" el="38" ec="5" bec="0" bev="0" fileid="21" />
              </SequencePoints>
              <BranchPoints />
            </Method>
          </Methods>
        </Class>
      </Classes>
    </Module>
  </Modules>
</CoverageSession>